2023-10-30 17:53:02,921:INFO:PyCaret ClassificationExperiment
2023-10-30 17:53:02,921:INFO:Logging name: clf-default-name
2023-10-30 17:53:02,921:INFO:ML Usecase: MLUsecase.CLASSIFICATION
2023-10-30 17:53:02,921:INFO:version 3.1.0
2023-10-30 17:53:02,921:INFO:Initializing setup()
2023-10-30 17:53:02,921:INFO:self.USI: 31d6
2023-10-30 17:53:02,921:INFO:self._variable_keys: {'pipeline', 'exp_id', 'log_plots_param', 'idx', '_available_plots', 'seed', 'fix_imbalance', 'html_param', 'gpu_param', 'gpu_n_jobs_param', 'memory', 'fold_groups_param', 'X_train', 'logging_param', 'is_multiclass', 'n_jobs_param', 'fold_generator', 'USI', 'X_test', 'target_param', 'exp_name_log', 'y_test', 'y_train', 'y', 'X', 'fold_shuffle_param', '_ml_usecase', 'data'}
2023-10-30 17:53:02,921:INFO:Checking environment
2023-10-30 17:53:02,921:INFO:python_version: 3.8.18
2023-10-30 17:53:02,921:INFO:python_build: ('default', 'Sep 11 2023 08:17:33')
2023-10-30 17:53:02,921:INFO:machine: x86_64
2023-10-30 17:53:02,921:INFO:platform: macOS-10.16-x86_64-i386-64bit
2023-10-30 17:53:02,922:INFO:Memory: svmem(total=17179869184, available=7267450880, percent=57.7, used=9044508672, free=1691283456, active=5333045248, inactive=5558734848, wired=3711463424)
2023-10-30 17:53:02,922:INFO:Physical Core: 6
2023-10-30 17:53:02,922:INFO:Logical Core: 12
2023-10-30 17:53:02,922:INFO:Checking libraries
2023-10-30 17:53:02,922:INFO:System:
2023-10-30 17:53:02,922:INFO:    python: 3.8.18 (default, Sep 11 2023, 08:17:33)  [Clang 14.0.6 ]
2023-10-30 17:53:02,922:INFO:executable: /Users/hitss/anaconda3/envs/python38pycaret/bin/python
2023-10-30 17:53:02,922:INFO:   machine: macOS-10.16-x86_64-i386-64bit
2023-10-30 17:53:02,922:INFO:PyCaret required dependencies:
2023-10-30 17:53:03,006:INFO:                 pip: 23.3
2023-10-30 17:53:03,006:INFO:          setuptools: 68.0.0
2023-10-30 17:53:03,006:INFO:             pycaret: 3.1.0
2023-10-30 17:53:03,006:INFO:             IPython: 8.12.3
2023-10-30 17:53:03,006:INFO:          ipywidgets: 8.1.1
2023-10-30 17:53:03,006:INFO:                tqdm: 4.66.1
2023-10-30 17:53:03,006:INFO:               numpy: 1.23.5
2023-10-30 17:53:03,006:INFO:              pandas: 1.5.3
2023-10-30 17:53:03,006:INFO:              jinja2: 3.1.2
2023-10-30 17:53:03,006:INFO:               scipy: 1.10.1
2023-10-30 17:53:03,006:INFO:              joblib: 1.3.2
2023-10-30 17:53:03,006:INFO:             sklearn: 1.2.2
2023-10-30 17:53:03,006:INFO:                pyod: 1.1.1
2023-10-30 17:53:03,006:INFO:            imblearn: 0.11.0
2023-10-30 17:53:03,006:INFO:   category_encoders: 2.6.3
2023-10-30 17:53:03,007:INFO:            lightgbm: 4.1.0
2023-10-30 17:53:03,007:INFO:               numba: 0.58.1
2023-10-30 17:53:03,007:INFO:            requests: 2.31.0
2023-10-30 17:53:03,007:INFO:          matplotlib: 3.7.3
2023-10-30 17:53:03,007:INFO:          scikitplot: 0.3.7
2023-10-30 17:53:03,007:INFO:         yellowbrick: 1.5
2023-10-30 17:53:03,007:INFO:              plotly: 5.18.0
2023-10-30 17:53:03,007:INFO:    plotly-resampler: Not installed
2023-10-30 17:53:03,007:INFO:             kaleido: 0.2.1
2023-10-30 17:53:03,007:INFO:           schemdraw: 0.15
2023-10-30 17:53:03,007:INFO:         statsmodels: 0.14.0
2023-10-30 17:53:03,007:INFO:              sktime: 0.21.1
2023-10-30 17:53:03,007:INFO:               tbats: 1.1.3
2023-10-30 17:53:03,007:INFO:            pmdarima: 2.0.4
2023-10-30 17:53:03,007:INFO:              psutil: 5.9.6
2023-10-30 17:53:03,007:INFO:          markupsafe: 2.1.3
2023-10-30 17:53:03,007:INFO:             pickle5: Not installed
2023-10-30 17:53:03,007:INFO:         cloudpickle: 3.0.0
2023-10-30 17:53:03,007:INFO:         deprecation: 2.1.0
2023-10-30 17:53:03,007:INFO:              xxhash: 3.4.1
2023-10-30 17:53:03,007:INFO:           wurlitzer: 3.0.3
2023-10-30 17:53:03,007:INFO:PyCaret optional dependencies:
2023-10-30 17:53:03,032:INFO:                shap: Not installed
2023-10-30 17:53:03,032:INFO:           interpret: Not installed
2023-10-30 17:53:03,032:INFO:                umap: Not installed
2023-10-30 17:53:03,032:INFO:     ydata_profiling: Not installed
2023-10-30 17:53:03,032:INFO:  explainerdashboard: Not installed
2023-10-30 17:53:03,032:INFO:             autoviz: Not installed
2023-10-30 17:53:03,032:INFO:           fairlearn: Not installed
2023-10-30 17:53:03,032:INFO:          deepchecks: Not installed
2023-10-30 17:53:03,032:INFO:             xgboost: Not installed
2023-10-30 17:53:03,032:INFO:            catboost: Not installed
2023-10-30 17:53:03,032:INFO:              kmodes: Not installed
2023-10-30 17:53:03,032:INFO:             mlxtend: Not installed
2023-10-30 17:53:03,033:INFO:       statsforecast: Not installed
2023-10-30 17:53:03,033:INFO:        tune_sklearn: Not installed
2023-10-30 17:53:03,033:INFO:                 ray: Not installed
2023-10-30 17:53:03,033:INFO:            hyperopt: Not installed
2023-10-30 17:53:03,033:INFO:              optuna: Not installed
2023-10-30 17:53:03,033:INFO:               skopt: Not installed
2023-10-30 17:53:03,033:INFO:              mlflow: Not installed
2023-10-30 17:53:03,033:INFO:              gradio: Not installed
2023-10-30 17:53:03,033:INFO:             fastapi: Not installed
2023-10-30 17:53:03,033:INFO:             uvicorn: Not installed
2023-10-30 17:53:03,033:INFO:              m2cgen: Not installed
2023-10-30 17:53:03,033:INFO:           evidently: Not installed
2023-10-30 17:53:03,033:INFO:               fugue: Not installed
2023-10-30 17:53:03,033:INFO:           streamlit: Not installed
2023-10-30 17:53:03,033:INFO:             prophet: Not installed
2023-10-30 17:53:03,033:INFO:None
2023-10-30 17:53:03,033:INFO:Set up data.
2023-10-30 17:53:03,590:INFO:Set up folding strategy.
2023-10-30 17:53:03,590:INFO:Set up train/test split.
2023-10-30 17:53:03,959:INFO:Set up index.
2023-10-30 17:53:03,986:INFO:Assigning column types.
2023-10-30 17:53:04,058:INFO:Engine successfully changes for model 'lr' to 'sklearn'.
2023-10-30 17:53:04,106:INFO:Engine for model 'knn' has not been set explicitly, hence returning None.
2023-10-30 17:53:04,109:INFO:Engine for model 'rbfsvm' has not been set explicitly, hence returning None.
2023-10-30 17:53:04,146:WARNING:
'xgboost' is a soft dependency and not included in the pycaret installation. Please run: `pip install xgboost` to install.
Alternately, you can install this by running `pip install pycaret[models]`
2023-10-30 17:53:04,147:WARNING:
'catboost' is a soft dependency and not included in the pycaret installation. Please run: `pip install catboost` to install.
Alternately, you can install this by running `pip install pycaret[models]`
2023-10-30 17:53:04,206:INFO:Engine for model 'knn' has not been set explicitly, hence returning None.
2023-10-30 17:53:04,207:INFO:Engine for model 'rbfsvm' has not been set explicitly, hence returning None.
2023-10-30 17:53:04,245:WARNING:
'xgboost' is a soft dependency and not included in the pycaret installation. Please run: `pip install xgboost` to install.
Alternately, you can install this by running `pip install pycaret[models]`
2023-10-30 17:53:04,246:WARNING:
'catboost' is a soft dependency and not included in the pycaret installation. Please run: `pip install catboost` to install.
Alternately, you can install this by running `pip install pycaret[models]`
2023-10-30 17:53:04,246:INFO:Engine successfully changes for model 'knn' to 'sklearn'.
2023-10-30 17:53:04,306:INFO:Engine for model 'rbfsvm' has not been set explicitly, hence returning None.
2023-10-30 17:53:04,338:WARNING:
'xgboost' is a soft dependency and not included in the pycaret installation. Please run: `pip install xgboost` to install.
Alternately, you can install this by running `pip install pycaret[models]`
2023-10-30 17:53:04,338:WARNING:
'catboost' is a soft dependency and not included in the pycaret installation. Please run: `pip install catboost` to install.
Alternately, you can install this by running `pip install pycaret[models]`
2023-10-30 17:53:04,383:INFO:Engine for model 'rbfsvm' has not been set explicitly, hence returning None.
2023-10-30 17:53:04,416:WARNING:
'xgboost' is a soft dependency and not included in the pycaret installation. Please run: `pip install xgboost` to install.
Alternately, you can install this by running `pip install pycaret[models]`
2023-10-30 17:53:04,417:WARNING:
'catboost' is a soft dependency and not included in the pycaret installation. Please run: `pip install catboost` to install.
Alternately, you can install this by running `pip install pycaret[models]`
2023-10-30 17:53:04,417:INFO:Engine successfully changes for model 'rbfsvm' to 'sklearn'.
2023-10-30 17:53:04,489:WARNING:
'xgboost' is a soft dependency and not included in the pycaret installation. Please run: `pip install xgboost` to install.
Alternately, you can install this by running `pip install pycaret[models]`
2023-10-30 17:53:04,489:WARNING:
'catboost' is a soft dependency and not included in the pycaret installation. Please run: `pip install catboost` to install.
Alternately, you can install this by running `pip install pycaret[models]`
2023-10-30 17:53:04,580:WARNING:
'xgboost' is a soft dependency and not included in the pycaret installation. Please run: `pip install xgboost` to install.
Alternately, you can install this by running `pip install pycaret[models]`
2023-10-30 17:53:04,580:WARNING:
'catboost' is a soft dependency and not included in the pycaret installation. Please run: `pip install catboost` to install.
Alternately, you can install this by running `pip install pycaret[models]`
2023-10-30 17:53:04,583:INFO:Preparing preprocessing pipeline...
2023-10-30 17:53:04,596:INFO:Set up date feature engineering.
2023-10-30 17:53:04,597:INFO:Set up simple imputation.
2023-10-30 17:53:04,722:INFO:Set up encoding of ordinal features.
2023-10-30 17:53:04,805:INFO:Set up encoding of categorical features.
2023-10-30 17:53:06,185:INFO:Finished creating preprocessing pipeline.
2023-10-30 17:53:06,225:INFO:Pipeline: Pipeline(memory=FastMemory(location=/var/folders/0y/g6n919k13q39rb_x1hn4z6f00000gn/T/joblib),
         steps=[('date_feature_extractor',
                 TransformerWrapper(exclude=None, include=['data_ref'],
                                    transformer=ExtractDateTimeFeatures(features=['day',
                                                                                  'month',
                                                                                  'year']))),
                ('numerical_imputer',
                 TransformerWrapper(exclude=None,
                                    include=['index', 'qtd_filhos', 'idade',
                                             'tempo_em...
                                                               verbose=0))),
                ('onehot_encoding',
                 TransformerWrapper(exclude=None,
                                    include=['tipo_renda', 'educacao',
                                             'estado_civil',
                                             'tipo_residencia'],
                                    transformer=OneHotEncoder(cols=['tipo_renda',
                                                                    'educacao',
                                                                    'estado_civil',
                                                                    'tipo_residencia'],
                                                              drop_invariant=False,
                                                              handle_missing='return_nan',
                                                              handle_unknown='value',
                                                              return_df=True,
                                                              use_cat_names=True,
                                                              verbose=0)))],
         verbose=False)
2023-10-30 17:53:06,226:INFO:Creating final display dataframe.
2023-10-30 17:53:09,265:INFO:Setup _display_container:                     Description             Value
0                    Session id               123
1                        Target               mau
2                   Target type            Binary
3           Original data shape      (750000, 15)
4        Transformed data shape      (750000, 34)
5   Transformed train set shape      (525000, 34)
6    Transformed test set shape      (225000, 34)
7              Ordinal features                 3
8              Numeric features                 6
9                 Date features                 1
10         Categorical features                 7
11     Rows with missing values             16.8%
12                   Preprocess              True
13              Imputation type            simple
14           Numeric imputation              mean
15       Categorical imputation              mode
16     Maximum one-hot encoding                25
17              Encoding method              None
18               Fold Generator   StratifiedKFold
19                  Fold Number                10
20                     CPU Jobs                -1
21                      Use GPU             False
22               Log Experiment             False
23              Experiment Name  clf-default-name
24                          USI              31d6
2023-10-30 17:53:09,366:WARNING:
'xgboost' is a soft dependency and not included in the pycaret installation. Please run: `pip install xgboost` to install.
Alternately, you can install this by running `pip install pycaret[models]`
2023-10-30 17:53:09,367:WARNING:
'catboost' is a soft dependency and not included in the pycaret installation. Please run: `pip install catboost` to install.
Alternately, you can install this by running `pip install pycaret[models]`
2023-10-30 17:53:09,440:WARNING:
'xgboost' is a soft dependency and not included in the pycaret installation. Please run: `pip install xgboost` to install.
Alternately, you can install this by running `pip install pycaret[models]`
2023-10-30 17:53:09,440:WARNING:
'catboost' is a soft dependency and not included in the pycaret installation. Please run: `pip install catboost` to install.
Alternately, you can install this by running `pip install pycaret[models]`
2023-10-30 17:53:09,440:INFO:setup() successfully completed in 6.53s...............
2023-10-30 17:53:09,445:INFO:Initializing create_model()
2023-10-30 17:53:09,445:INFO:create_model(self=<pycaret.classification.oop.ClassificationExperiment object at 0x7f8ff9592d90>, estimator=lightgbm, fold=None, round=4, cross_validation=True, predict=True, fit_kwargs=None, groups=None, refit=True, probability_threshold=None, experiment_custom_tags=None, verbose=True, system=True, add_to_model_list=True, metrics=None, display=None, model_only=True, return_train_score=False, kwargs={})
2023-10-30 17:53:09,445:INFO:Checking exceptions
2023-10-30 17:53:09,486:INFO:Importing libraries
2023-10-30 17:53:09,486:INFO:Copying training dataset
2023-10-30 17:53:09,714:INFO:Defining folds
2023-10-30 17:53:09,715:INFO:Declaring metric variables
2023-10-30 17:53:09,719:INFO:Importing untrained model
2023-10-30 17:53:09,723:INFO:Light Gradient Boosting Machine Imported successfully
2023-10-30 17:53:09,731:INFO:Starting cross validation
2023-10-30 17:53:09,734:INFO:Cross validating with StratifiedKFold(n_splits=10, random_state=None, shuffle=False), n_jobs=-1
2023-10-30 17:53:53,575:INFO:Calculating mean and std
2023-10-30 17:53:53,621:INFO:Creating metrics dataframe
2023-10-30 17:53:53,677:INFO:Finalizing model
2023-10-30 17:53:58,983:INFO:[LightGBM] [Warning] Found whitespace in feature_names, replace with underlines
2023-10-30 17:53:58,991:INFO:[LightGBM] [Info] Number of positive: 41050, number of negative: 483950
2023-10-30 17:53:59,071:INFO:[LightGBM] [Info] Auto-choosing row-wise multi-threading, the overhead of testing was 0.025600 seconds.
2023-10-30 17:53:59,072:INFO:You can set `force_row_wise=true` to remove the overhead.
2023-10-30 17:53:59,072:INFO:And if memory is not enough, you can set `force_col_wise=true`.
2023-10-30 17:53:59,072:INFO:[LightGBM] [Info] Total Bins 895
2023-10-30 17:53:59,072:INFO:[LightGBM] [Info] Number of data points in the train set: 525000, number of used features: 32
2023-10-30 17:53:59,076:INFO:[LightGBM] [Info] [binary:BoostFromScore]: pavg=0.078190 -> initscore=-2.467191
2023-10-30 17:53:59,076:INFO:[LightGBM] [Info] Start training from score -2.467191
2023-10-30 17:54:00,101:INFO:Uploading results into container
2023-10-30 17:54:00,102:INFO:Uploading model into container now
2023-10-30 17:54:00,118:INFO:_master_model_container: 1
2023-10-30 17:54:00,118:INFO:_display_container: 2
2023-10-30 17:54:00,119:INFO:LGBMClassifier(boosting_type='gbdt', class_weight=None, colsample_bytree=1.0,
               importance_type='split', learning_rate=0.1, max_depth=-1,
               min_child_samples=20, min_child_weight=0.001, min_split_gain=0.0,
               n_estimators=100, n_jobs=-1, num_leaves=31, objective=None,
               random_state=123, reg_alpha=0.0, reg_lambda=0.0, subsample=1.0,
               subsample_for_bin=200000, subsample_freq=0)
2023-10-30 17:54:00,119:INFO:create_model() successfully completed......................................
2023-10-30 17:54:00,484:INFO:Initializing evaluate_model()
2023-10-30 17:54:00,484:INFO:evaluate_model(self=<pycaret.classification.oop.ClassificationExperiment object at 0x7f8ff9592d90>, estimator=LGBMClassifier(boosting_type='gbdt', class_weight=None, colsample_bytree=1.0,
               importance_type='split', learning_rate=0.1, max_depth=-1,
               min_child_samples=20, min_child_weight=0.001, min_split_gain=0.0,
               n_estimators=100, n_jobs=-1, num_leaves=31, objective=None,
               random_state=123, reg_alpha=0.0, reg_lambda=0.0, subsample=1.0,
               subsample_for_bin=200000, subsample_freq=0), fold=None, fit_kwargs=None, plot_kwargs=None, feature_name=None, groups=None)
2023-10-30 17:54:00,706:INFO:Initializing plot_model()
2023-10-30 17:54:00,706:INFO:plot_model(plot=pipeline, fold=StratifiedKFold(n_splits=10, random_state=None, shuffle=False), verbose=False, display=None, display_format=None, estimator=LGBMClassifier(boosting_type='gbdt', class_weight=None, colsample_bytree=1.0,
               importance_type='split', learning_rate=0.1, max_depth=-1,
               min_child_samples=20, min_child_weight=0.001, min_split_gain=0.0,
               n_estimators=100, n_jobs=-1, num_leaves=31, objective=None,
               random_state=123, reg_alpha=0.0, reg_lambda=0.0, subsample=1.0,
               subsample_for_bin=200000, subsample_freq=0), feature_name=None, fit_kwargs={}, groups=None, label=False, plot_kwargs=None, save=False, scale=1, self=<pycaret.classification.oop.ClassificationExperiment object at 0x7f8ff9592d90>, system=True)
2023-10-30 17:54:00,706:INFO:Checking exceptions
2023-10-30 17:54:00,802:INFO:Preloading libraries
2023-10-30 17:54:00,807:INFO:Copying training dataset
2023-10-30 17:54:00,807:INFO:Plot type: pipeline
2023-10-30 17:54:01,043:INFO:Visual Rendered Successfully
2023-10-30 17:54:01,112:INFO:plot_model() successfully completed......................................
2023-10-30 17:54:01,127:INFO:Initializing plot_model()
2023-10-30 17:54:01,127:INFO:plot_model(plot=feature, fold=None, verbose=True, display=None, display_format=None, estimator=LGBMClassifier(boosting_type='gbdt', class_weight=None, colsample_bytree=1.0,
               importance_type='split', learning_rate=0.1, max_depth=-1,
               min_child_samples=20, min_child_weight=0.001, min_split_gain=0.0,
               n_estimators=100, n_jobs=-1, num_leaves=31, objective=None,
               random_state=123, reg_alpha=0.0, reg_lambda=0.0, subsample=1.0,
               subsample_for_bin=200000, subsample_freq=0), feature_name=None, fit_kwargs=None, groups=None, label=False, plot_kwargs=None, save=False, scale=1, self=<pycaret.classification.oop.ClassificationExperiment object at 0x7f8ff9592d90>, system=True)
2023-10-30 17:54:01,128:INFO:Checking exceptions
2023-10-30 17:54:01,256:INFO:Preloading libraries
2023-10-30 17:54:01,263:INFO:Copying training dataset
2023-10-30 17:54:01,264:INFO:Plot type: feature
2023-10-30 17:54:01,265:WARNING:No coef_ found. Trying feature_importances_
2023-10-30 17:54:01,914:INFO:Visual Rendered Successfully
2023-10-30 17:54:01,990:INFO:plot_model() successfully completed......................................
2023-10-30 17:54:01,997:INFO:Initializing finalize_model()
2023-10-30 17:54:01,997:INFO:finalize_model(self=<pycaret.classification.oop.ClassificationExperiment object at 0x7f8ff9592d90>, estimator=LGBMClassifier(boosting_type='gbdt', class_weight=None, colsample_bytree=1.0,
               importance_type='split', learning_rate=0.1, max_depth=-1,
               min_child_samples=20, min_child_weight=0.001, min_split_gain=0.0,
               n_estimators=100, n_jobs=-1, num_leaves=31, objective=None,
               random_state=123, reg_alpha=0.0, reg_lambda=0.0, subsample=1.0,
               subsample_for_bin=200000, subsample_freq=0), fit_kwargs=None, groups=None, model_only=False, experiment_custom_tags=None)
2023-10-30 17:54:01,997:INFO:Finalizing LGBMClassifier(boosting_type='gbdt', class_weight=None, colsample_bytree=1.0,
               importance_type='split', learning_rate=0.1, max_depth=-1,
               min_child_samples=20, min_child_weight=0.001, min_split_gain=0.0,
               n_estimators=100, n_jobs=-1, num_leaves=31, objective=None,
               random_state=123, reg_alpha=0.0, reg_lambda=0.0, subsample=1.0,
               subsample_for_bin=200000, subsample_freq=0)
2023-10-30 17:54:02,070:INFO:Initializing create_model()
2023-10-30 17:54:02,070:INFO:create_model(self=<pycaret.classification.oop.ClassificationExperiment object at 0x7f8ff9592d90>, estimator=LGBMClassifier(boosting_type='gbdt', class_weight=None, colsample_bytree=1.0,
               importance_type='split', learning_rate=0.1, max_depth=-1,
               min_child_samples=20, min_child_weight=0.001, min_split_gain=0.0,
               n_estimators=100, n_jobs=-1, num_leaves=31, objective=None,
               random_state=123, reg_alpha=0.0, reg_lambda=0.0, subsample=1.0,
               subsample_for_bin=200000, subsample_freq=0), fold=None, round=4, cross_validation=False, predict=False, fit_kwargs={}, groups=None, refit=True, probability_threshold=None, experiment_custom_tags=None, verbose=False, system=False, add_to_model_list=False, metrics=None, display=None, model_only=False, return_train_score=False, kwargs={})
2023-10-30 17:54:02,070:INFO:Checking exceptions
2023-10-30 17:54:02,072:INFO:Importing libraries
2023-10-30 17:54:02,072:INFO:Copying training dataset
2023-10-30 17:54:02,082:INFO:Defining folds
2023-10-30 17:54:02,082:INFO:Declaring metric variables
2023-10-30 17:54:02,082:INFO:Importing untrained model
2023-10-30 17:54:02,082:INFO:Declaring custom model
2023-10-30 17:54:02,083:INFO:Light Gradient Boosting Machine Imported successfully
2023-10-30 17:54:02,085:INFO:Cross validation set to False
2023-10-30 17:54:02,085:INFO:Fitting Model
2023-10-30 17:54:09,568:INFO:[LightGBM] [Warning] Found whitespace in feature_names, replace with underlines
2023-10-30 17:54:09,580:INFO:[LightGBM] [Info] Number of positive: 58643, number of negative: 691357
2023-10-30 17:54:09,706:INFO:[LightGBM] [Info] Auto-choosing row-wise multi-threading, the overhead of testing was 0.038102 seconds.
2023-10-30 17:54:09,706:INFO:You can set `force_row_wise=true` to remove the overhead.
2023-10-30 17:54:09,707:INFO:And if memory is not enough, you can set `force_col_wise=true`.
2023-10-30 17:54:09,707:INFO:[LightGBM] [Info] Total Bins 895
2023-10-30 17:54:09,707:INFO:[LightGBM] [Info] Number of data points in the train set: 750000, number of used features: 32
2023-10-30 17:54:09,712:INFO:[LightGBM] [Info] [binary:BoostFromScore]: pavg=0.078191 -> initscore=-2.467188
2023-10-30 17:54:09,713:INFO:[LightGBM] [Info] Start training from score -2.467188
2023-10-30 17:54:11,777:INFO:Pipeline(memory=Memory(location=None),
         steps=[('date_feature_extractor',
                 TransformerWrapper(exclude=None, include=['data_ref'],
                                    transformer=ExtractDateTimeFeatures(features=['day',
                                                                                  'month',
                                                                                  'year']))),
                ('numerical_imputer',
                 TransformerWrapper(exclude=None,
                                    include=['index', 'qtd_filhos', 'idade',
                                             'tempo_emprego',
                                             'qt_pessoas_residencia', 'renda'],
                                    transformer=Sim...
                 LGBMClassifier(boosting_type='gbdt', class_weight=None,
                                colsample_bytree=1.0, importance_type='split',
                                learning_rate=0.1, max_depth=-1,
                                min_child_samples=20, min_child_weight=0.001,
                                min_split_gain=0.0, n_estimators=100, n_jobs=-1,
                                num_leaves=31, objective=None, random_state=123,
                                reg_alpha=0.0, reg_lambda=0.0, subsample=1.0,
                                subsample_for_bin=200000, subsample_freq=0))],
         verbose=False)
2023-10-30 17:54:11,777:INFO:create_model() successfully completed......................................
2023-10-30 17:54:11,894:INFO:_master_model_container: 1
2023-10-30 17:54:11,894:INFO:_display_container: 2
2023-10-30 17:54:11,944:INFO:Pipeline(memory=Memory(location=None),
         steps=[('date_feature_extractor',
                 TransformerWrapper(exclude=None, include=['data_ref'],
                                    transformer=ExtractDateTimeFeatures(features=['day',
                                                                                  'month',
                                                                                  'year']))),
                ('numerical_imputer',
                 TransformerWrapper(exclude=None,
                                    include=['index', 'qtd_filhos', 'idade',
                                             'tempo_emprego',
                                             'qt_pessoas_residencia', 'renda'],
                                    transformer=Sim...
                 LGBMClassifier(boosting_type='gbdt', class_weight=None,
                                colsample_bytree=1.0, importance_type='split',
                                learning_rate=0.1, max_depth=-1,
                                min_child_samples=20, min_child_weight=0.001,
                                min_split_gain=0.0, n_estimators=100, n_jobs=-1,
                                num_leaves=31, objective=None, random_state=123,
                                reg_alpha=0.0, reg_lambda=0.0, subsample=1.0,
                                subsample_for_bin=200000, subsample_freq=0))],
         verbose=False)
2023-10-30 17:54:11,944:INFO:finalize_model() successfully completed......................................
2023-10-30 17:54:12,156:INFO:Initializing save_model()
2023-10-30 17:54:12,156:INFO:save_model(model=Pipeline(memory=Memory(location=None),
         steps=[('date_feature_extractor',
                 TransformerWrapper(exclude=None, include=['data_ref'],
                                    transformer=ExtractDateTimeFeatures(features=['day',
                                                                                  'month',
                                                                                  'year']))),
                ('numerical_imputer',
                 TransformerWrapper(exclude=None,
                                    include=['index', 'qtd_filhos', 'idade',
                                             'tempo_emprego',
                                             'qt_pessoas_residencia', 'renda'],
                                    transformer=Sim...
                 LGBMClassifier(boosting_type='gbdt', class_weight=None,
                                colsample_bytree=1.0, importance_type='split',
                                learning_rate=0.1, max_depth=-1,
                                min_child_samples=20, min_child_weight=0.001,
                                min_split_gain=0.0, n_estimators=100, n_jobs=-1,
                                num_leaves=31, objective=None, random_state=123,
                                reg_alpha=0.0, reg_lambda=0.0, subsample=1.0,
                                subsample_for_bin=200000, subsample_freq=0))],
         verbose=False), model_name=final_lightgbm_pipeline, prep_pipe_=Pipeline(memory=FastMemory(location=/var/folders/0y/g6n919k13q39rb_x1hn4z6f00000gn/T/joblib),
         steps=[('date_feature_extractor',
                 TransformerWrapper(exclude=None, include=['data_ref'],
                                    transformer=ExtractDateTimeFeatures(features=['day',
                                                                                  'month',
                                                                                  'year']))),
                ('numerical_imputer',
                 TransformerWrapper(exclude=None,
                                    include=['index', 'qtd_filhos', 'idade',
                                             'tempo_em...
                                                               verbose=0))),
                ('onehot_encoding',
                 TransformerWrapper(exclude=None,
                                    include=['tipo_renda', 'educacao',
                                             'estado_civil',
                                             'tipo_residencia'],
                                    transformer=OneHotEncoder(cols=['tipo_renda',
                                                                    'educacao',
                                                                    'estado_civil',
                                                                    'tipo_residencia'],
                                                              drop_invariant=False,
                                                              handle_missing='return_nan',
                                                              handle_unknown='value',
                                                              return_df=True,
                                                              use_cat_names=True,
                                                              verbose=0)))],
         verbose=False), verbose=True, use_case=MLUsecase.CLASSIFICATION, kwargs={})
2023-10-30 17:54:12,156:INFO:Adding model into prep_pipe
2023-10-30 17:54:12,156:WARNING:Only Model saved as it was a pipeline.
2023-10-30 17:54:12,179:INFO:final_lightgbm_pipeline.pkl saved in current working directory
2023-10-30 17:54:12,244:INFO:Pipeline(memory=Memory(location=None),
         steps=[('date_feature_extractor',
                 TransformerWrapper(exclude=None, include=['data_ref'],
                                    transformer=ExtractDateTimeFeatures(features=['day',
                                                                                  'month',
                                                                                  'year']))),
                ('numerical_imputer',
                 TransformerWrapper(exclude=None,
                                    include=['index', 'qtd_filhos', 'idade',
                                             'tempo_emprego',
                                             'qt_pessoas_residencia', 'renda'],
                                    transformer=Sim...
                 LGBMClassifier(boosting_type='gbdt', class_weight=None,
                                colsample_bytree=1.0, importance_type='split',
                                learning_rate=0.1, max_depth=-1,
                                min_child_samples=20, min_child_weight=0.001,
                                min_split_gain=0.0, n_estimators=100, n_jobs=-1,
                                num_leaves=31, objective=None, random_state=123,
                                reg_alpha=0.0, reg_lambda=0.0, subsample=1.0,
                                subsample_for_bin=200000, subsample_freq=0))],
         verbose=False)
2023-10-30 17:54:12,244:INFO:save_model() successfully completed......................................
2023-11-04 21:04:23,336:WARNING:
'cuml' is a soft dependency and not included in the pycaret installation. Please run: `pip install cuml` to install.
2023-11-04 21:04:23,337:WARNING:
'cuml' is a soft dependency and not included in the pycaret installation. Please run: `pip install cuml` to install.
2023-11-04 21:04:23,337:WARNING:
'cuml' is a soft dependency and not included in the pycaret installation. Please run: `pip install cuml` to install.
2023-11-04 21:04:23,337:WARNING:
'cuml' is a soft dependency and not included in the pycaret installation. Please run: `pip install cuml` to install.
2023-11-04 21:04:35,298:INFO:PyCaret ClassificationExperiment
2023-11-04 21:04:35,298:INFO:Logging name: clf-default-name
2023-11-04 21:04:35,298:INFO:ML Usecase: MLUsecase.CLASSIFICATION
2023-11-04 21:04:35,298:INFO:version 3.1.0
2023-11-04 21:04:35,298:INFO:Initializing setup()
2023-11-04 21:04:35,298:INFO:self.USI: 9dba
2023-11-04 21:04:35,298:INFO:self._variable_keys: {'memory', '_available_plots', 'gpu_param', 'X_train', 'X_test', 'fold_generator', 'seed', 'pipeline', 'exp_id', 'USI', 'fix_imbalance', 'gpu_n_jobs_param', '_ml_usecase', 'y', 'is_multiclass', 'X', 'n_jobs_param', 'idx', 'exp_name_log', 'log_plots_param', 'target_param', 'y_train', 'fold_shuffle_param', 'fold_groups_param', 'data', 'logging_param', 'html_param', 'y_test'}
2023-11-04 21:04:35,298:INFO:Checking environment
2023-11-04 21:04:35,298:INFO:python_version: 3.8.18
2023-11-04 21:04:35,298:INFO:python_build: ('default', 'Sep 11 2023 08:17:33')
2023-11-04 21:04:35,299:INFO:machine: x86_64
2023-11-04 21:04:35,299:INFO:platform: macOS-10.16-x86_64-i386-64bit
2023-11-04 21:04:35,299:INFO:Memory: svmem(total=17179869184, available=5667602432, percent=67.0, used=8446689280, free=1104015360, active=4565839872, inactive=4515028992, wired=3880849408)
2023-11-04 21:04:35,299:INFO:Physical Core: 6
2023-11-04 21:04:35,299:INFO:Logical Core: 12
2023-11-04 21:04:35,299:INFO:Checking libraries
2023-11-04 21:04:35,299:INFO:System:
2023-11-04 21:04:35,299:INFO:    python: 3.8.18 (default, Sep 11 2023, 08:17:33)  [Clang 14.0.6 ]
2023-11-04 21:04:35,299:INFO:executable: /Users/hitss/anaconda3/envs/python38pycaret/bin/python
2023-11-04 21:04:35,299:INFO:   machine: macOS-10.16-x86_64-i386-64bit
2023-11-04 21:04:35,299:INFO:PyCaret required dependencies:
2023-11-04 21:04:35,408:INFO:                 pip: 23.3
2023-11-04 21:04:35,408:INFO:          setuptools: 68.0.0
2023-11-04 21:04:35,408:INFO:             pycaret: 3.1.0
2023-11-04 21:04:35,408:INFO:             IPython: 8.12.3
2023-11-04 21:04:35,408:INFO:          ipywidgets: 8.1.1
2023-11-04 21:04:35,408:INFO:                tqdm: 4.66.1
2023-11-04 21:04:35,408:INFO:               numpy: 1.23.5
2023-11-04 21:04:35,408:INFO:              pandas: 1.5.3
2023-11-04 21:04:35,408:INFO:              jinja2: 3.1.2
2023-11-04 21:04:35,408:INFO:               scipy: 1.10.1
2023-11-04 21:04:35,408:INFO:              joblib: 1.3.2
2023-11-04 21:04:35,408:INFO:             sklearn: 1.2.2
2023-11-04 21:04:35,409:INFO:                pyod: 1.1.1
2023-11-04 21:04:35,409:INFO:            imblearn: 0.11.0
2023-11-04 21:04:35,409:INFO:   category_encoders: 2.6.3
2023-11-04 21:04:35,409:INFO:            lightgbm: 4.1.0
2023-11-04 21:04:35,409:INFO:               numba: 0.58.1
2023-11-04 21:04:35,409:INFO:            requests: 2.31.0
2023-11-04 21:04:35,409:INFO:          matplotlib: 3.7.3
2023-11-04 21:04:35,409:INFO:          scikitplot: 0.3.7
2023-11-04 21:04:35,409:INFO:         yellowbrick: 1.5
2023-11-04 21:04:35,409:INFO:              plotly: 5.18.0
2023-11-04 21:04:35,409:INFO:    plotly-resampler: Not installed
2023-11-04 21:04:35,409:INFO:             kaleido: 0.2.1
2023-11-04 21:04:35,409:INFO:           schemdraw: 0.15
2023-11-04 21:04:35,409:INFO:         statsmodels: 0.14.0
2023-11-04 21:04:35,409:INFO:              sktime: 0.21.1
2023-11-04 21:04:35,409:INFO:               tbats: 1.1.3
2023-11-04 21:04:35,409:INFO:            pmdarima: 2.0.4
2023-11-04 21:04:35,409:INFO:              psutil: 5.9.6
2023-11-04 21:04:35,409:INFO:          markupsafe: 2.1.3
2023-11-04 21:04:35,409:INFO:             pickle5: Not installed
2023-11-04 21:04:35,409:INFO:         cloudpickle: 3.0.0
2023-11-04 21:04:35,410:INFO:         deprecation: 2.1.0
2023-11-04 21:04:35,410:INFO:              xxhash: 3.4.1
2023-11-04 21:04:35,410:INFO:           wurlitzer: 3.0.3
2023-11-04 21:04:35,410:INFO:PyCaret optional dependencies:
2023-11-04 21:04:35,433:INFO:                shap: Not installed
2023-11-04 21:04:35,433:INFO:           interpret: Not installed
2023-11-04 21:04:35,433:INFO:                umap: Not installed
2023-11-04 21:04:35,433:INFO:     ydata_profiling: Not installed
2023-11-04 21:04:35,433:INFO:  explainerdashboard: Not installed
2023-11-04 21:04:35,433:INFO:             autoviz: Not installed
2023-11-04 21:04:35,433:INFO:           fairlearn: Not installed
2023-11-04 21:04:35,433:INFO:          deepchecks: Not installed
2023-11-04 21:04:35,433:INFO:             xgboost: 2.0.1
2023-11-04 21:04:35,433:INFO:            catboost: Not installed
2023-11-04 21:04:35,433:INFO:              kmodes: Not installed
2023-11-04 21:04:35,433:INFO:             mlxtend: Not installed
2023-11-04 21:04:35,433:INFO:       statsforecast: Not installed
2023-11-04 21:04:35,433:INFO:        tune_sklearn: Not installed
2023-11-04 21:04:35,433:INFO:                 ray: Not installed
2023-11-04 21:04:35,433:INFO:            hyperopt: Not installed
2023-11-04 21:04:35,433:INFO:              optuna: Not installed
2023-11-04 21:04:35,433:INFO:               skopt: Not installed
2023-11-04 21:04:35,433:INFO:              mlflow: Not installed
2023-11-04 21:04:35,434:INFO:              gradio: Not installed
2023-11-04 21:04:35,434:INFO:             fastapi: Not installed
2023-11-04 21:04:35,434:INFO:             uvicorn: Not installed
2023-11-04 21:04:35,434:INFO:              m2cgen: Not installed
2023-11-04 21:04:35,434:INFO:           evidently: Not installed
2023-11-04 21:04:35,434:INFO:               fugue: Not installed
2023-11-04 21:04:35,434:INFO:           streamlit: Not installed
2023-11-04 21:04:35,434:INFO:             prophet: Not installed
2023-11-04 21:04:35,434:INFO:None
2023-11-04 21:04:35,434:INFO:Set up data.
2023-11-04 21:05:16,798:INFO:PyCaret ClassificationExperiment
2023-11-04 21:05:16,798:INFO:Logging name: clf-default-name
2023-11-04 21:05:16,799:INFO:ML Usecase: MLUsecase.CLASSIFICATION
2023-11-04 21:05:16,799:INFO:version 3.1.0
2023-11-04 21:05:16,799:INFO:Initializing setup()
2023-11-04 21:05:16,799:INFO:self.USI: 56b2
2023-11-04 21:05:16,799:INFO:self._variable_keys: {'memory', '_available_plots', 'gpu_param', 'X_train', 'X_test', 'fold_generator', 'seed', 'pipeline', 'exp_id', 'USI', 'fix_imbalance', 'gpu_n_jobs_param', '_ml_usecase', 'y', 'is_multiclass', 'X', 'n_jobs_param', 'idx', 'exp_name_log', 'log_plots_param', 'target_param', 'y_train', 'fold_shuffle_param', 'fold_groups_param', 'data', 'logging_param', 'html_param', 'y_test'}
2023-11-04 21:05:16,799:INFO:Checking environment
2023-11-04 21:05:16,799:INFO:python_version: 3.8.18
2023-11-04 21:05:16,799:INFO:python_build: ('default', 'Sep 11 2023 08:17:33')
2023-11-04 21:05:16,799:INFO:machine: x86_64
2023-11-04 21:05:16,799:INFO:platform: macOS-10.16-x86_64-i386-64bit
2023-11-04 21:05:16,799:INFO:Memory: svmem(total=17179869184, available=5659099136, percent=67.1, used=8463142912, free=896987136, active=4766367744, inactive=4711469056, wired=3696775168)
2023-11-04 21:05:16,799:INFO:Physical Core: 6
2023-11-04 21:05:16,800:INFO:Logical Core: 12
2023-11-04 21:05:16,800:INFO:Checking libraries
2023-11-04 21:05:16,800:INFO:System:
2023-11-04 21:05:16,800:INFO:    python: 3.8.18 (default, Sep 11 2023, 08:17:33)  [Clang 14.0.6 ]
2023-11-04 21:05:16,800:INFO:executable: /Users/hitss/anaconda3/envs/python38pycaret/bin/python
2023-11-04 21:05:16,800:INFO:   machine: macOS-10.16-x86_64-i386-64bit
2023-11-04 21:05:16,800:INFO:PyCaret required dependencies:
2023-11-04 21:05:16,800:INFO:                 pip: 23.3
2023-11-04 21:05:16,800:INFO:          setuptools: 68.0.0
2023-11-04 21:05:16,800:INFO:             pycaret: 3.1.0
2023-11-04 21:05:16,800:INFO:             IPython: 8.12.3
2023-11-04 21:05:16,800:INFO:          ipywidgets: 8.1.1
2023-11-04 21:05:16,800:INFO:                tqdm: 4.66.1
2023-11-04 21:05:16,800:INFO:               numpy: 1.23.5
2023-11-04 21:05:16,800:INFO:              pandas: 1.5.3
2023-11-04 21:05:16,800:INFO:              jinja2: 3.1.2
2023-11-04 21:05:16,800:INFO:               scipy: 1.10.1
2023-11-04 21:05:16,800:INFO:              joblib: 1.3.2
2023-11-04 21:05:16,800:INFO:             sklearn: 1.2.2
2023-11-04 21:05:16,800:INFO:                pyod: 1.1.1
2023-11-04 21:05:16,800:INFO:            imblearn: 0.11.0
2023-11-04 21:05:16,801:INFO:   category_encoders: 2.6.3
2023-11-04 21:05:16,801:INFO:            lightgbm: 4.1.0
2023-11-04 21:05:16,801:INFO:               numba: 0.58.1
2023-11-04 21:05:16,801:INFO:            requests: 2.31.0
2023-11-04 21:05:16,801:INFO:          matplotlib: 3.7.3
2023-11-04 21:05:16,801:INFO:          scikitplot: 0.3.7
2023-11-04 21:05:16,801:INFO:         yellowbrick: 1.5
2023-11-04 21:05:16,801:INFO:              plotly: 5.18.0
2023-11-04 21:05:16,801:INFO:    plotly-resampler: Not installed
2023-11-04 21:05:16,801:INFO:             kaleido: 0.2.1
2023-11-04 21:05:16,801:INFO:           schemdraw: 0.15
2023-11-04 21:05:16,801:INFO:         statsmodels: 0.14.0
2023-11-04 21:05:16,801:INFO:              sktime: 0.21.1
2023-11-04 21:05:16,801:INFO:               tbats: 1.1.3
2023-11-04 21:05:16,801:INFO:            pmdarima: 2.0.4
2023-11-04 21:05:16,801:INFO:              psutil: 5.9.6
2023-11-04 21:05:16,801:INFO:          markupsafe: 2.1.3
2023-11-04 21:05:16,801:INFO:             pickle5: Not installed
2023-11-04 21:05:16,801:INFO:         cloudpickle: 3.0.0
2023-11-04 21:05:16,801:INFO:         deprecation: 2.1.0
2023-11-04 21:05:16,801:INFO:              xxhash: 3.4.1
2023-11-04 21:05:16,801:INFO:           wurlitzer: 3.0.3
2023-11-04 21:05:16,801:INFO:PyCaret optional dependencies:
2023-11-04 21:05:16,801:INFO:                shap: Not installed
2023-11-04 21:05:16,801:INFO:           interpret: Not installed
2023-11-04 21:05:16,802:INFO:                umap: Not installed
2023-11-04 21:05:16,802:INFO:     ydata_profiling: Not installed
2023-11-04 21:05:16,802:INFO:  explainerdashboard: Not installed
2023-11-04 21:05:16,802:INFO:             autoviz: Not installed
2023-11-04 21:05:16,802:INFO:           fairlearn: Not installed
2023-11-04 21:05:16,802:INFO:          deepchecks: Not installed
2023-11-04 21:05:16,802:INFO:             xgboost: 2.0.1
2023-11-04 21:05:16,802:INFO:            catboost: Not installed
2023-11-04 21:05:16,802:INFO:              kmodes: Not installed
2023-11-04 21:05:16,802:INFO:             mlxtend: Not installed
2023-11-04 21:05:16,802:INFO:       statsforecast: Not installed
2023-11-04 21:05:16,802:INFO:        tune_sklearn: Not installed
2023-11-04 21:05:16,802:INFO:                 ray: Not installed
2023-11-04 21:05:16,802:INFO:            hyperopt: Not installed
2023-11-04 21:05:16,802:INFO:              optuna: Not installed
2023-11-04 21:05:16,802:INFO:               skopt: Not installed
2023-11-04 21:05:16,802:INFO:              mlflow: Not installed
2023-11-04 21:05:16,802:INFO:              gradio: Not installed
2023-11-04 21:05:16,802:INFO:             fastapi: Not installed
2023-11-04 21:05:16,802:INFO:             uvicorn: Not installed
2023-11-04 21:05:16,802:INFO:              m2cgen: Not installed
2023-11-04 21:05:16,802:INFO:           evidently: Not installed
2023-11-04 21:05:16,802:INFO:               fugue: Not installed
2023-11-04 21:05:16,802:INFO:           streamlit: Not installed
2023-11-04 21:05:16,802:INFO:             prophet: Not installed
2023-11-04 21:05:16,802:INFO:None
2023-11-04 21:05:16,803:INFO:Set up data.
2023-11-04 21:05:17,400:INFO:Set up folding strategy.
2023-11-04 21:05:17,401:INFO:Set up train/test split.
2023-11-04 21:05:28,119:INFO:PyCaret ClassificationExperiment
2023-11-04 21:05:28,120:INFO:Logging name: clf-default-name
2023-11-04 21:05:28,120:INFO:ML Usecase: MLUsecase.CLASSIFICATION
2023-11-04 21:05:28,120:INFO:version 3.1.0
2023-11-04 21:05:28,120:INFO:Initializing setup()
2023-11-04 21:05:28,120:INFO:self.USI: 7ced
2023-11-04 21:05:28,120:INFO:self._variable_keys: {'memory', '_available_plots', 'gpu_param', 'X_train', 'X_test', 'fold_generator', 'seed', 'pipeline', 'exp_id', 'USI', 'fix_imbalance', 'gpu_n_jobs_param', '_ml_usecase', 'y', 'is_multiclass', 'X', 'n_jobs_param', 'idx', 'exp_name_log', 'log_plots_param', 'target_param', 'y_train', 'fold_shuffle_param', 'fold_groups_param', 'data', 'logging_param', 'html_param', 'y_test'}
2023-11-04 21:05:28,120:INFO:Checking environment
2023-11-04 21:05:28,120:INFO:python_version: 3.8.18
2023-11-04 21:05:28,120:INFO:python_build: ('default', 'Sep 11 2023 08:17:33')
2023-11-04 21:05:28,120:INFO:machine: x86_64
2023-11-04 21:05:28,120:INFO:platform: macOS-10.16-x86_64-i386-64bit
2023-11-04 21:05:28,121:INFO:Memory: svmem(total=17179869184, available=5705465856, percent=66.8, used=8415809536, free=978821120, active=4729069568, inactive=4675534848, wired=3686739968)
2023-11-04 21:05:28,121:INFO:Physical Core: 6
2023-11-04 21:05:28,121:INFO:Logical Core: 12
2023-11-04 21:05:28,121:INFO:Checking libraries
2023-11-04 21:05:28,121:INFO:System:
2023-11-04 21:05:28,121:INFO:    python: 3.8.18 (default, Sep 11 2023, 08:17:33)  [Clang 14.0.6 ]
2023-11-04 21:05:28,121:INFO:executable: /Users/hitss/anaconda3/envs/python38pycaret/bin/python
2023-11-04 21:05:28,121:INFO:   machine: macOS-10.16-x86_64-i386-64bit
2023-11-04 21:05:28,121:INFO:PyCaret required dependencies:
2023-11-04 21:05:28,121:INFO:                 pip: 23.3
2023-11-04 21:05:28,121:INFO:          setuptools: 68.0.0
2023-11-04 21:05:28,121:INFO:             pycaret: 3.1.0
2023-11-04 21:05:28,121:INFO:             IPython: 8.12.3
2023-11-04 21:05:28,121:INFO:          ipywidgets: 8.1.1
2023-11-04 21:05:28,121:INFO:                tqdm: 4.66.1
2023-11-04 21:05:28,121:INFO:               numpy: 1.23.5
2023-11-04 21:05:28,121:INFO:              pandas: 1.5.3
2023-11-04 21:05:28,121:INFO:              jinja2: 3.1.2
2023-11-04 21:05:28,121:INFO:               scipy: 1.10.1
2023-11-04 21:05:28,121:INFO:              joblib: 1.3.2
2023-11-04 21:05:28,121:INFO:             sklearn: 1.2.2
2023-11-04 21:05:28,121:INFO:                pyod: 1.1.1
2023-11-04 21:05:28,122:INFO:            imblearn: 0.11.0
2023-11-04 21:05:28,122:INFO:   category_encoders: 2.6.3
2023-11-04 21:05:28,122:INFO:            lightgbm: 4.1.0
2023-11-04 21:05:28,122:INFO:               numba: 0.58.1
2023-11-04 21:05:28,122:INFO:            requests: 2.31.0
2023-11-04 21:05:28,122:INFO:          matplotlib: 3.7.3
2023-11-04 21:05:28,122:INFO:          scikitplot: 0.3.7
2023-11-04 21:05:28,122:INFO:         yellowbrick: 1.5
2023-11-04 21:05:28,122:INFO:              plotly: 5.18.0
2023-11-04 21:05:28,122:INFO:    plotly-resampler: Not installed
2023-11-04 21:05:28,122:INFO:             kaleido: 0.2.1
2023-11-04 21:05:28,122:INFO:           schemdraw: 0.15
2023-11-04 21:05:28,122:INFO:         statsmodels: 0.14.0
2023-11-04 21:05:28,122:INFO:              sktime: 0.21.1
2023-11-04 21:05:28,122:INFO:               tbats: 1.1.3
2023-11-04 21:05:28,122:INFO:            pmdarima: 2.0.4
2023-11-04 21:05:28,122:INFO:              psutil: 5.9.6
2023-11-04 21:05:28,122:INFO:          markupsafe: 2.1.3
2023-11-04 21:05:28,122:INFO:             pickle5: Not installed
2023-11-04 21:05:28,122:INFO:         cloudpickle: 3.0.0
2023-11-04 21:05:28,122:INFO:         deprecation: 2.1.0
2023-11-04 21:05:28,122:INFO:              xxhash: 3.4.1
2023-11-04 21:05:28,122:INFO:           wurlitzer: 3.0.3
2023-11-04 21:05:28,122:INFO:PyCaret optional dependencies:
2023-11-04 21:05:28,122:INFO:                shap: Not installed
2023-11-04 21:05:28,123:INFO:           interpret: Not installed
2023-11-04 21:05:28,123:INFO:                umap: Not installed
2023-11-04 21:05:28,123:INFO:     ydata_profiling: Not installed
2023-11-04 21:05:28,123:INFO:  explainerdashboard: Not installed
2023-11-04 21:05:28,123:INFO:             autoviz: Not installed
2023-11-04 21:05:28,123:INFO:           fairlearn: Not installed
2023-11-04 21:05:28,123:INFO:          deepchecks: Not installed
2023-11-04 21:05:28,123:INFO:             xgboost: 2.0.1
2023-11-04 21:05:28,123:INFO:            catboost: Not installed
2023-11-04 21:05:28,123:INFO:              kmodes: Not installed
2023-11-04 21:05:28,123:INFO:             mlxtend: Not installed
2023-11-04 21:05:28,123:INFO:       statsforecast: Not installed
2023-11-04 21:05:28,123:INFO:        tune_sklearn: Not installed
2023-11-04 21:05:28,123:INFO:                 ray: Not installed
2023-11-04 21:05:28,123:INFO:            hyperopt: Not installed
2023-11-04 21:05:28,123:INFO:              optuna: Not installed
2023-11-04 21:05:28,123:INFO:               skopt: Not installed
2023-11-04 21:05:28,123:INFO:              mlflow: Not installed
2023-11-04 21:05:28,123:INFO:              gradio: Not installed
2023-11-04 21:05:28,123:INFO:             fastapi: Not installed
2023-11-04 21:05:28,123:INFO:             uvicorn: Not installed
2023-11-04 21:05:28,123:INFO:              m2cgen: Not installed
2023-11-04 21:05:28,123:INFO:           evidently: Not installed
2023-11-04 21:05:28,123:INFO:               fugue: Not installed
2023-11-04 21:05:28,123:INFO:           streamlit: Not installed
2023-11-04 21:05:28,123:INFO:             prophet: Not installed
2023-11-04 21:05:28,124:INFO:None
2023-11-04 21:05:28,124:INFO:Set up data.
2023-11-04 21:05:28,707:INFO:Set up folding strategy.
2023-11-04 21:05:28,707:INFO:Set up train/test split.
2023-11-04 21:05:29,075:INFO:Set up index.
2023-11-04 21:05:29,107:INFO:Assigning column types.
2023-11-04 21:05:29,187:INFO:Engine successfully changes for model 'lr' to 'sklearn'.
2023-11-04 21:05:29,243:INFO:Engine for model 'knn' has not been set explicitly, hence returning None.
2023-11-04 21:05:29,247:INFO:Engine for model 'rbfsvm' has not been set explicitly, hence returning None.
2023-11-04 21:05:29,288:INFO:Soft dependency imported: xgboost: 2.0.1
2023-11-04 21:05:29,291:WARNING:
'catboost' is a soft dependency and not included in the pycaret installation. Please run: `pip install catboost` to install.
Alternately, you can install this by running `pip install pycaret[models]`
2023-11-04 21:05:29,349:INFO:Engine for model 'knn' has not been set explicitly, hence returning None.
2023-11-04 21:05:29,350:INFO:Engine for model 'rbfsvm' has not been set explicitly, hence returning None.
2023-11-04 21:05:29,382:INFO:Soft dependency imported: xgboost: 2.0.1
2023-11-04 21:05:29,385:WARNING:
'catboost' is a soft dependency and not included in the pycaret installation. Please run: `pip install catboost` to install.
Alternately, you can install this by running `pip install pycaret[models]`
2023-11-04 21:05:29,385:INFO:Engine successfully changes for model 'knn' to 'sklearn'.
2023-11-04 21:05:29,431:INFO:Engine for model 'rbfsvm' has not been set explicitly, hence returning None.
2023-11-04 21:05:29,459:INFO:Soft dependency imported: xgboost: 2.0.1
2023-11-04 21:05:29,461:WARNING:
'catboost' is a soft dependency and not included in the pycaret installation. Please run: `pip install catboost` to install.
Alternately, you can install this by running `pip install pycaret[models]`
2023-11-04 21:05:29,506:INFO:Engine for model 'rbfsvm' has not been set explicitly, hence returning None.
2023-11-04 21:05:29,533:INFO:Soft dependency imported: xgboost: 2.0.1
2023-11-04 21:05:29,535:WARNING:
'catboost' is a soft dependency and not included in the pycaret installation. Please run: `pip install catboost` to install.
Alternately, you can install this by running `pip install pycaret[models]`
2023-11-04 21:05:29,535:INFO:Engine successfully changes for model 'rbfsvm' to 'sklearn'.
2023-11-04 21:05:29,605:INFO:Soft dependency imported: xgboost: 2.0.1
2023-11-04 21:05:29,608:WARNING:
'catboost' is a soft dependency and not included in the pycaret installation. Please run: `pip install catboost` to install.
Alternately, you can install this by running `pip install pycaret[models]`
2023-11-04 21:05:29,677:INFO:Soft dependency imported: xgboost: 2.0.1
2023-11-04 21:05:29,679:WARNING:
'catboost' is a soft dependency and not included in the pycaret installation. Please run: `pip install catboost` to install.
Alternately, you can install this by running `pip install pycaret[models]`
2023-11-04 21:05:29,683:INFO:Preparing preprocessing pipeline...
2023-11-04 21:05:29,696:INFO:Set up date feature engineering.
2023-11-04 21:05:29,696:INFO:Set up simple imputation.
2023-11-04 21:05:29,812:INFO:Set up encoding of ordinal features.
2023-11-04 21:05:29,889:INFO:Set up encoding of categorical features.
2023-11-04 21:05:35,603:INFO:Finished creating preprocessing pipeline.
2023-11-04 21:05:35,645:INFO:Pipeline: Pipeline(memory=FastMemory(location=/var/folders/0y/g6n919k13q39rb_x1hn4z6f00000gn/T/joblib),
         steps=[('date_feature_extractor',
                 TransformerWrapper(exclude=None, include=['data_ref'],
                                    transformer=ExtractDateTimeFeatures(features=['day',
                                                                                  'month',
                                                                                  'year']))),
                ('numerical_imputer',
                 TransformerWrapper(exclude=None,
                                    include=['index', 'qtd_filhos', 'idade',
                                             'tempo_em...
                                                               verbose=0))),
                ('onehot_encoding',
                 TransformerWrapper(exclude=None,
                                    include=['tipo_renda', 'educacao',
                                             'estado_civil',
                                             'tipo_residencia'],
                                    transformer=OneHotEncoder(cols=['tipo_renda',
                                                                    'educacao',
                                                                    'estado_civil',
                                                                    'tipo_residencia'],
                                                              drop_invariant=False,
                                                              handle_missing='return_nan',
                                                              handle_unknown='value',
                                                              return_df=True,
                                                              use_cat_names=True,
                                                              verbose=0)))],
         verbose=False)
2023-11-04 21:05:35,645:INFO:Creating final display dataframe.
2023-11-04 21:05:42,514:INFO:Setup _display_container:                     Description             Value
0                    Session id               123
1                        Target               mau
2                   Target type            Binary
3           Original data shape      (750000, 15)
4        Transformed data shape      (750000, 34)
5   Transformed train set shape      (525000, 34)
6    Transformed test set shape      (225000, 34)
7              Ordinal features                 3
8              Numeric features                 6
9                 Date features                 1
10         Categorical features                 7
11     Rows with missing values             16.8%
12                   Preprocess              True
13              Imputation type            simple
14           Numeric imputation              mean
15       Categorical imputation              mode
16     Maximum one-hot encoding                25
17              Encoding method              None
18               Fold Generator   StratifiedKFold
19                  Fold Number                10
20                     CPU Jobs                -1
21                      Use GPU             False
22               Log Experiment             False
23              Experiment Name  clf-default-name
24                          USI              7ced
2023-11-04 21:05:42,623:INFO:Soft dependency imported: xgboost: 2.0.1
2023-11-04 21:05:42,626:WARNING:
'catboost' is a soft dependency and not included in the pycaret installation. Please run: `pip install catboost` to install.
Alternately, you can install this by running `pip install pycaret[models]`
2023-11-04 21:05:42,727:INFO:Soft dependency imported: xgboost: 2.0.1
2023-11-04 21:05:42,731:WARNING:
'catboost' is a soft dependency and not included in the pycaret installation. Please run: `pip install catboost` to install.
Alternately, you can install this by running `pip install pycaret[models]`
2023-11-04 21:05:42,732:INFO:setup() successfully completed in 14.61s...............
2023-11-04 21:06:02,301:INFO:Initializing compare_models()
2023-11-04 21:06:02,305:INFO:compare_models(self=<pycaret.classification.oop.ClassificationExperiment object at 0x7f99212817f0>, include=None, fold=None, round=4, cross_validation=True, sort=Accuracy, n_select=1, budget_time=None, turbo=True, errors=ignore, fit_kwargs=None, groups=None, experiment_custom_tags=None, probability_threshold=None, verbose=True, parallel=None, caller_params={'self': <pycaret.classification.oop.ClassificationExperiment object at 0x7f99212817f0>, 'include': None, 'exclude': None, 'fold': None, 'round': 4, 'cross_validation': True, 'sort': 'Accuracy', 'n_select': 1, 'budget_time': None, 'turbo': True, 'errors': 'ignore', 'fit_kwargs': None, 'groups': None, 'experiment_custom_tags': None, 'probability_threshold': None, 'engine': None, 'verbose': True, 'parallel': None, '__class__': <class 'pycaret.classification.oop.ClassificationExperiment'>}, exclude=None)
2023-11-04 21:06:02,305:INFO:Checking exceptions
2023-11-04 21:06:02,430:INFO:Preparing display monitor
2023-11-04 21:06:02,462:INFO:Initializing Logistic Regression
2023-11-04 21:06:02,463:INFO:Total runtime is 6.298224131266276e-06 minutes
2023-11-04 21:06:02,469:INFO:SubProcess create_model() called ==================================
2023-11-04 21:06:02,470:INFO:Initializing create_model()
2023-11-04 21:06:02,470:INFO:create_model(self=<pycaret.classification.oop.ClassificationExperiment object at 0x7f99212817f0>, estimator=lr, fold=StratifiedKFold(n_splits=10, random_state=None, shuffle=False), round=4, cross_validation=True, predict=True, fit_kwargs={}, groups=None, refit=False, probability_threshold=None, experiment_custom_tags=None, verbose=False, system=False, add_to_model_list=True, metrics=None, display=<pycaret.internal.display.display.CommonDisplay object at 0x7f9914c345b0>, model_only=True, return_train_score=False, kwargs={})
2023-11-04 21:06:02,470:INFO:Checking exceptions
2023-11-04 21:06:02,470:INFO:Importing libraries
2023-11-04 21:06:02,471:INFO:Copying training dataset
2023-11-04 21:06:02,735:INFO:Defining folds
2023-11-04 21:06:02,735:INFO:Declaring metric variables
2023-11-04 21:06:02,739:INFO:Importing untrained model
2023-11-04 21:06:02,743:INFO:Logistic Regression Imported successfully
2023-11-04 21:06:02,751:INFO:Starting cross validation
2023-11-04 21:06:02,754:INFO:Cross validating with StratifiedKFold(n_splits=10, random_state=None, shuffle=False), n_jobs=-1
2023-11-04 21:06:31,387:WARNING:/Users/hitss/anaconda3/envs/python38pycaret/lib/python3.8/site-packages/sklearn/metrics/_classification.py:1344: UndefinedMetricWarning: Precision is ill-defined and being set to 0.0 due to no predicted samples. Use `zero_division` parameter to control this behavior.
  _warn_prf(average, modifier, msg_start, len(result))

2023-11-04 21:06:31,605:WARNING:/Users/hitss/anaconda3/envs/python38pycaret/lib/python3.8/site-packages/sklearn/metrics/_classification.py:1344: UndefinedMetricWarning: Precision is ill-defined and being set to 0.0 due to no predicted samples. Use `zero_division` parameter to control this behavior.
  _warn_prf(average, modifier, msg_start, len(result))

2023-11-04 21:06:34,710:WARNING:/Users/hitss/anaconda3/envs/python38pycaret/lib/python3.8/site-packages/sklearn/metrics/_classification.py:1344: UndefinedMetricWarning: Precision is ill-defined and being set to 0.0 due to no predicted samples. Use `zero_division` parameter to control this behavior.
  _warn_prf(average, modifier, msg_start, len(result))

2023-11-04 21:06:36,704:WARNING:/Users/hitss/anaconda3/envs/python38pycaret/lib/python3.8/site-packages/sklearn/metrics/_classification.py:1344: UndefinedMetricWarning: Precision is ill-defined and being set to 0.0 due to no predicted samples. Use `zero_division` parameter to control this behavior.
  _warn_prf(average, modifier, msg_start, len(result))

2023-11-04 21:06:36,787:WARNING:/Users/hitss/anaconda3/envs/python38pycaret/lib/python3.8/site-packages/sklearn/metrics/_classification.py:1344: UndefinedMetricWarning: Precision is ill-defined and being set to 0.0 due to no predicted samples. Use `zero_division` parameter to control this behavior.
  _warn_prf(average, modifier, msg_start, len(result))

2023-11-04 21:06:37,397:WARNING:/Users/hitss/anaconda3/envs/python38pycaret/lib/python3.8/site-packages/sklearn/metrics/_classification.py:1344: UndefinedMetricWarning: Precision is ill-defined and being set to 0.0 due to no predicted samples. Use `zero_division` parameter to control this behavior.
  _warn_prf(average, modifier, msg_start, len(result))

2023-11-04 21:06:37,545:WARNING:/Users/hitss/anaconda3/envs/python38pycaret/lib/python3.8/site-packages/sklearn/metrics/_classification.py:1344: UndefinedMetricWarning: Precision is ill-defined and being set to 0.0 due to no predicted samples. Use `zero_division` parameter to control this behavior.
  _warn_prf(average, modifier, msg_start, len(result))

2023-11-04 21:06:37,621:WARNING:/Users/hitss/anaconda3/envs/python38pycaret/lib/python3.8/site-packages/sklearn/metrics/_classification.py:1344: UndefinedMetricWarning: Precision is ill-defined and being set to 0.0 due to no predicted samples. Use `zero_division` parameter to control this behavior.
  _warn_prf(average, modifier, msg_start, len(result))

2023-11-04 21:06:37,718:WARNING:/Users/hitss/anaconda3/envs/python38pycaret/lib/python3.8/site-packages/sklearn/metrics/_classification.py:1344: UndefinedMetricWarning: Precision is ill-defined and being set to 0.0 due to no predicted samples. Use `zero_division` parameter to control this behavior.
  _warn_prf(average, modifier, msg_start, len(result))

2023-11-04 21:06:38,031:WARNING:/Users/hitss/anaconda3/envs/python38pycaret/lib/python3.8/site-packages/sklearn/metrics/_classification.py:1344: UndefinedMetricWarning: Precision is ill-defined and being set to 0.0 due to no predicted samples. Use `zero_division` parameter to control this behavior.
  _warn_prf(average, modifier, msg_start, len(result))

2023-11-04 21:06:38,174:INFO:Calculating mean and std
2023-11-04 21:06:38,180:INFO:Creating metrics dataframe
2023-11-04 21:06:38,191:INFO:Uploading results into container
2023-11-04 21:06:38,192:INFO:Uploading model into container now
2023-11-04 21:06:38,193:INFO:_master_model_container: 1
2023-11-04 21:06:38,193:INFO:_display_container: 2
2023-11-04 21:06:38,194:INFO:LogisticRegression(C=1.0, class_weight=None, dual=False, fit_intercept=True,
                   intercept_scaling=1, l1_ratio=None, max_iter=1000,
                   multi_class='auto', n_jobs=None, penalty='l2',
                   random_state=123, solver='lbfgs', tol=0.0001, verbose=0,
                   warm_start=False)
2023-11-04 21:06:38,194:INFO:create_model() successfully completed......................................
2023-11-04 21:06:43,401:INFO:SubProcess create_model() end ==================================
2023-11-04 21:06:43,401:INFO:Creating metrics dataframe
2023-11-04 21:06:43,418:INFO:Initializing K Neighbors Classifier
2023-11-04 21:06:43,419:INFO:Total runtime is 0.682605501015981 minutes
2023-11-04 21:06:43,426:INFO:SubProcess create_model() called ==================================
2023-11-04 21:06:43,427:INFO:Initializing create_model()
2023-11-04 21:06:43,427:INFO:create_model(self=<pycaret.classification.oop.ClassificationExperiment object at 0x7f99212817f0>, estimator=knn, fold=StratifiedKFold(n_splits=10, random_state=None, shuffle=False), round=4, cross_validation=True, predict=True, fit_kwargs={}, groups=None, refit=False, probability_threshold=None, experiment_custom_tags=None, verbose=False, system=False, add_to_model_list=True, metrics=None, display=<pycaret.internal.display.display.CommonDisplay object at 0x7f9914c345b0>, model_only=True, return_train_score=False, kwargs={})
2023-11-04 21:06:43,428:INFO:Checking exceptions
2023-11-04 21:06:43,428:INFO:Importing libraries
2023-11-04 21:06:43,428:INFO:Copying training dataset
2023-11-04 21:06:43,899:INFO:Defining folds
2023-11-04 21:06:43,900:INFO:Declaring metric variables
2023-11-04 21:06:43,912:INFO:Importing untrained model
2023-11-04 21:06:43,922:INFO:K Neighbors Classifier Imported successfully
2023-11-04 21:06:43,939:INFO:Starting cross validation
2023-11-04 21:06:43,943:INFO:Cross validating with StratifiedKFold(n_splits=10, random_state=None, shuffle=False), n_jobs=-1
2023-11-04 21:17:15,317:INFO:Calculating mean and std
2023-11-04 21:17:15,319:INFO:Creating metrics dataframe
2023-11-04 21:17:15,325:INFO:Uploading results into container
2023-11-04 21:17:15,326:INFO:Uploading model into container now
2023-11-04 21:17:15,326:INFO:_master_model_container: 2
2023-11-04 21:17:15,326:INFO:_display_container: 2
2023-11-04 21:17:15,327:INFO:KNeighborsClassifier(algorithm='auto', leaf_size=30, metric='minkowski',
                     metric_params=None, n_jobs=-1, n_neighbors=5, p=2,
                     weights='uniform')
2023-11-04 21:17:15,327:INFO:create_model() successfully completed......................................
2023-11-04 21:17:15,569:INFO:SubProcess create_model() end ==================================
2023-11-04 21:17:15,570:INFO:Creating metrics dataframe
2023-11-04 21:17:15,586:INFO:Initializing Naive Bayes
2023-11-04 21:17:15,586:INFO:Total runtime is 11.218734582265219 minutes
2023-11-04 21:17:15,591:INFO:SubProcess create_model() called ==================================
2023-11-04 21:17:15,592:INFO:Initializing create_model()
2023-11-04 21:17:15,592:INFO:create_model(self=<pycaret.classification.oop.ClassificationExperiment object at 0x7f99212817f0>, estimator=nb, fold=StratifiedKFold(n_splits=10, random_state=None, shuffle=False), round=4, cross_validation=True, predict=True, fit_kwargs={}, groups=None, refit=False, probability_threshold=None, experiment_custom_tags=None, verbose=False, system=False, add_to_model_list=True, metrics=None, display=<pycaret.internal.display.display.CommonDisplay object at 0x7f9914c345b0>, model_only=True, return_train_score=False, kwargs={})
2023-11-04 21:17:15,592:INFO:Checking exceptions
2023-11-04 21:17:15,592:INFO:Importing libraries
2023-11-04 21:17:15,592:INFO:Copying training dataset
2023-11-04 21:17:15,857:INFO:Defining folds
2023-11-04 21:17:15,857:INFO:Declaring metric variables
2023-11-04 21:17:15,861:INFO:Importing untrained model
2023-11-04 21:17:15,866:INFO:Naive Bayes Imported successfully
2023-11-04 21:17:15,876:INFO:Starting cross validation
2023-11-04 21:17:15,878:INFO:Cross validating with StratifiedKFold(n_splits=10, random_state=None, shuffle=False), n_jobs=-1
2023-11-04 21:17:33,787:INFO:Calculating mean and std
2023-11-04 21:17:33,791:INFO:Creating metrics dataframe
2023-11-04 21:17:33,797:INFO:Uploading results into container
2023-11-04 21:17:33,798:INFO:Uploading model into container now
2023-11-04 21:17:33,799:INFO:_master_model_container: 3
2023-11-04 21:17:33,799:INFO:_display_container: 2
2023-11-04 21:17:33,799:INFO:GaussianNB(priors=None, var_smoothing=1e-09)
2023-11-04 21:17:33,800:INFO:create_model() successfully completed......................................
2023-11-04 21:17:34,068:INFO:SubProcess create_model() end ==================================
2023-11-04 21:17:34,069:INFO:Creating metrics dataframe
2023-11-04 21:17:34,085:INFO:Initializing Decision Tree Classifier
2023-11-04 21:17:34,086:INFO:Total runtime is 11.527052883307139 minutes
2023-11-04 21:17:34,092:INFO:SubProcess create_model() called ==================================
2023-11-04 21:17:34,093:INFO:Initializing create_model()
2023-11-04 21:17:34,093:INFO:create_model(self=<pycaret.classification.oop.ClassificationExperiment object at 0x7f99212817f0>, estimator=dt, fold=StratifiedKFold(n_splits=10, random_state=None, shuffle=False), round=4, cross_validation=True, predict=True, fit_kwargs={}, groups=None, refit=False, probability_threshold=None, experiment_custom_tags=None, verbose=False, system=False, add_to_model_list=True, metrics=None, display=<pycaret.internal.display.display.CommonDisplay object at 0x7f9914c345b0>, model_only=True, return_train_score=False, kwargs={})
2023-11-04 21:17:34,093:INFO:Checking exceptions
2023-11-04 21:17:34,093:INFO:Importing libraries
2023-11-04 21:17:34,093:INFO:Copying training dataset
2023-11-04 21:17:34,353:INFO:Defining folds
2023-11-04 21:17:34,354:INFO:Declaring metric variables
2023-11-04 21:17:34,358:INFO:Importing untrained model
2023-11-04 21:17:34,364:INFO:Decision Tree Classifier Imported successfully
2023-11-04 21:17:34,376:INFO:Starting cross validation
2023-11-04 21:17:34,379:INFO:Cross validating with StratifiedKFold(n_splits=10, random_state=None, shuffle=False), n_jobs=-1
2023-11-04 21:18:11,085:INFO:Calculating mean and std
2023-11-04 21:18:11,088:INFO:Creating metrics dataframe
2023-11-04 21:18:11,093:INFO:Uploading results into container
2023-11-04 21:18:11,093:INFO:Uploading model into container now
2023-11-04 21:18:11,094:INFO:_master_model_container: 4
2023-11-04 21:18:11,094:INFO:_display_container: 2
2023-11-04 21:18:11,094:INFO:DecisionTreeClassifier(ccp_alpha=0.0, class_weight=None, criterion='gini',
                       max_depth=None, max_features=None, max_leaf_nodes=None,
                       min_impurity_decrease=0.0, min_samples_leaf=1,
                       min_samples_split=2, min_weight_fraction_leaf=0.0,
                       random_state=123, splitter='best')
2023-11-04 21:18:11,094:INFO:create_model() successfully completed......................................
2023-11-04 21:18:11,327:INFO:SubProcess create_model() end ==================================
2023-11-04 21:18:11,327:INFO:Creating metrics dataframe
2023-11-04 21:18:11,342:INFO:Initializing SVM - Linear Kernel
2023-11-04 21:18:11,343:INFO:Total runtime is 12.148005266984304 minutes
2023-11-04 21:18:11,348:INFO:SubProcess create_model() called ==================================
2023-11-04 21:18:11,349:INFO:Initializing create_model()
2023-11-04 21:18:11,349:INFO:create_model(self=<pycaret.classification.oop.ClassificationExperiment object at 0x7f99212817f0>, estimator=svm, fold=StratifiedKFold(n_splits=10, random_state=None, shuffle=False), round=4, cross_validation=True, predict=True, fit_kwargs={}, groups=None, refit=False, probability_threshold=None, experiment_custom_tags=None, verbose=False, system=False, add_to_model_list=True, metrics=None, display=<pycaret.internal.display.display.CommonDisplay object at 0x7f9914c345b0>, model_only=True, return_train_score=False, kwargs={})
2023-11-04 21:18:11,349:INFO:Checking exceptions
2023-11-04 21:18:11,349:INFO:Importing libraries
2023-11-04 21:18:11,349:INFO:Copying training dataset
2023-11-04 21:18:11,580:INFO:Defining folds
2023-11-04 21:18:11,580:INFO:Declaring metric variables
2023-11-04 21:18:11,584:INFO:Importing untrained model
2023-11-04 21:18:11,591:INFO:SVM - Linear Kernel Imported successfully
2023-11-04 21:18:11,599:INFO:Starting cross validation
2023-11-04 21:18:11,602:INFO:Cross validating with StratifiedKFold(n_splits=10, random_state=None, shuffle=False), n_jobs=-1
2023-11-04 21:18:33,242:WARNING:/Users/hitss/anaconda3/envs/python38pycaret/lib/python3.8/site-packages/pycaret/internal/metrics.py:190: FitFailedWarning: Metric 'make_scorer(roc_auc_score, needs_proba=True, error_score=0.0, average=weighted, multi_class=ovr)' failed and error score 0.0 has been returned instead. If this is a custom metric, this usually means that the error is in the metric code. Full exception below:
Traceback (most recent call last):
  File "/Users/hitss/anaconda3/envs/python38pycaret/lib/python3.8/site-packages/sklearn/metrics/_scorer.py", line 76, in _cached_call
    return cache[method]
KeyError: 'predict_proba'

During handling of the above exception, another exception occurred:

Traceback (most recent call last):
  File "/Users/hitss/anaconda3/envs/python38pycaret/lib/python3.8/site-packages/pycaret/internal/metrics.py", line 182, in _score
    return super()._score(
  File "/Users/hitss/anaconda3/envs/python38pycaret/lib/python3.8/site-packages/sklearn/metrics/_scorer.py", line 316, in _score
    y_pred = method_caller(clf, "predict_proba", X)
  File "/Users/hitss/anaconda3/envs/python38pycaret/lib/python3.8/site-packages/sklearn/metrics/_scorer.py", line 78, in _cached_call
    result = getattr(estimator, method)(*args, **kwargs)
  File "/Users/hitss/anaconda3/envs/python38pycaret/lib/python3.8/site-packages/sklearn/utils/_available_if.py", line 32, in __get__
    if not self.check(obj):
  File "/Users/hitss/anaconda3/envs/python38pycaret/lib/python3.8/site-packages/sklearn/linear_model/_stochastic_gradient.py", line 1235, in _check_proba
    raise AttributeError(
AttributeError: probability estimates are not available for loss='hinge'

  warnings.warn(

2023-11-04 21:18:33,403:WARNING:/Users/hitss/anaconda3/envs/python38pycaret/lib/python3.8/site-packages/pycaret/internal/metrics.py:190: FitFailedWarning: Metric 'make_scorer(roc_auc_score, needs_proba=True, error_score=0.0, average=weighted, multi_class=ovr)' failed and error score 0.0 has been returned instead. If this is a custom metric, this usually means that the error is in the metric code. Full exception below:
Traceback (most recent call last):
  File "/Users/hitss/anaconda3/envs/python38pycaret/lib/python3.8/site-packages/sklearn/metrics/_scorer.py", line 76, in _cached_call
    return cache[method]
KeyError: 'predict_proba'

During handling of the above exception, another exception occurred:

Traceback (most recent call last):
  File "/Users/hitss/anaconda3/envs/python38pycaret/lib/python3.8/site-packages/pycaret/internal/metrics.py", line 182, in _score
    return super()._score(
  File "/Users/hitss/anaconda3/envs/python38pycaret/lib/python3.8/site-packages/sklearn/metrics/_scorer.py", line 316, in _score
    y_pred = method_caller(clf, "predict_proba", X)
  File "/Users/hitss/anaconda3/envs/python38pycaret/lib/python3.8/site-packages/sklearn/metrics/_scorer.py", line 78, in _cached_call
    result = getattr(estimator, method)(*args, **kwargs)
  File "/Users/hitss/anaconda3/envs/python38pycaret/lib/python3.8/site-packages/sklearn/utils/_available_if.py", line 32, in __get__
    if not self.check(obj):
  File "/Users/hitss/anaconda3/envs/python38pycaret/lib/python3.8/site-packages/sklearn/linear_model/_stochastic_gradient.py", line 1235, in _check_proba
    raise AttributeError(
AttributeError: probability estimates are not available for loss='hinge'

  warnings.warn(

2023-11-04 21:18:33,584:WARNING:/Users/hitss/anaconda3/envs/python38pycaret/lib/python3.8/site-packages/pycaret/internal/metrics.py:190: FitFailedWarning: Metric 'make_scorer(roc_auc_score, needs_proba=True, error_score=0.0, average=weighted, multi_class=ovr)' failed and error score 0.0 has been returned instead. If this is a custom metric, this usually means that the error is in the metric code. Full exception below:
Traceback (most recent call last):
  File "/Users/hitss/anaconda3/envs/python38pycaret/lib/python3.8/site-packages/sklearn/metrics/_scorer.py", line 76, in _cached_call
    return cache[method]
KeyError: 'predict_proba'

During handling of the above exception, another exception occurred:

Traceback (most recent call last):
  File "/Users/hitss/anaconda3/envs/python38pycaret/lib/python3.8/site-packages/pycaret/internal/metrics.py", line 182, in _score
    return super()._score(
  File "/Users/hitss/anaconda3/envs/python38pycaret/lib/python3.8/site-packages/sklearn/metrics/_scorer.py", line 316, in _score
    y_pred = method_caller(clf, "predict_proba", X)
  File "/Users/hitss/anaconda3/envs/python38pycaret/lib/python3.8/site-packages/sklearn/metrics/_scorer.py", line 78, in _cached_call
    result = getattr(estimator, method)(*args, **kwargs)
  File "/Users/hitss/anaconda3/envs/python38pycaret/lib/python3.8/site-packages/sklearn/utils/_available_if.py", line 32, in __get__
    if not self.check(obj):
  File "/Users/hitss/anaconda3/envs/python38pycaret/lib/python3.8/site-packages/sklearn/linear_model/_stochastic_gradient.py", line 1235, in _check_proba
    raise AttributeError(
AttributeError: probability estimates are not available for loss='hinge'

  warnings.warn(

2023-11-04 21:18:33,975:WARNING:/Users/hitss/anaconda3/envs/python38pycaret/lib/python3.8/site-packages/pycaret/internal/metrics.py:190: FitFailedWarning: Metric 'make_scorer(roc_auc_score, needs_proba=True, error_score=0.0, average=weighted, multi_class=ovr)' failed and error score 0.0 has been returned instead. If this is a custom metric, this usually means that the error is in the metric code. Full exception below:
Traceback (most recent call last):
  File "/Users/hitss/anaconda3/envs/python38pycaret/lib/python3.8/site-packages/sklearn/metrics/_scorer.py", line 76, in _cached_call
    return cache[method]
KeyError: 'predict_proba'

During handling of the above exception, another exception occurred:

Traceback (most recent call last):
  File "/Users/hitss/anaconda3/envs/python38pycaret/lib/python3.8/site-packages/pycaret/internal/metrics.py", line 182, in _score
    return super()._score(
  File "/Users/hitss/anaconda3/envs/python38pycaret/lib/python3.8/site-packages/sklearn/metrics/_scorer.py", line 316, in _score
    y_pred = method_caller(clf, "predict_proba", X)
  File "/Users/hitss/anaconda3/envs/python38pycaret/lib/python3.8/site-packages/sklearn/metrics/_scorer.py", line 78, in _cached_call
    result = getattr(estimator, method)(*args, **kwargs)
  File "/Users/hitss/anaconda3/envs/python38pycaret/lib/python3.8/site-packages/sklearn/utils/_available_if.py", line 32, in __get__
    if not self.check(obj):
  File "/Users/hitss/anaconda3/envs/python38pycaret/lib/python3.8/site-packages/sklearn/linear_model/_stochastic_gradient.py", line 1235, in _check_proba
    raise AttributeError(
AttributeError: probability estimates are not available for loss='hinge'

  warnings.warn(

2023-11-04 21:18:34,059:WARNING:/Users/hitss/anaconda3/envs/python38pycaret/lib/python3.8/site-packages/pycaret/internal/metrics.py:190: FitFailedWarning: Metric 'make_scorer(roc_auc_score, needs_proba=True, error_score=0.0, average=weighted, multi_class=ovr)' failed and error score 0.0 has been returned instead. If this is a custom metric, this usually means that the error is in the metric code. Full exception below:
Traceback (most recent call last):
  File "/Users/hitss/anaconda3/envs/python38pycaret/lib/python3.8/site-packages/sklearn/metrics/_scorer.py", line 76, in _cached_call
    return cache[method]
KeyError: 'predict_proba'

During handling of the above exception, another exception occurred:

Traceback (most recent call last):
  File "/Users/hitss/anaconda3/envs/python38pycaret/lib/python3.8/site-packages/pycaret/internal/metrics.py", line 182, in _score
    return super()._score(
  File "/Users/hitss/anaconda3/envs/python38pycaret/lib/python3.8/site-packages/sklearn/metrics/_scorer.py", line 316, in _score
    y_pred = method_caller(clf, "predict_proba", X)
  File "/Users/hitss/anaconda3/envs/python38pycaret/lib/python3.8/site-packages/sklearn/metrics/_scorer.py", line 78, in _cached_call
    result = getattr(estimator, method)(*args, **kwargs)
  File "/Users/hitss/anaconda3/envs/python38pycaret/lib/python3.8/site-packages/sklearn/utils/_available_if.py", line 32, in __get__
    if not self.check(obj):
  File "/Users/hitss/anaconda3/envs/python38pycaret/lib/python3.8/site-packages/sklearn/linear_model/_stochastic_gradient.py", line 1235, in _check_proba
    raise AttributeError(
AttributeError: probability estimates are not available for loss='hinge'

  warnings.warn(

2023-11-04 21:18:35,149:WARNING:/Users/hitss/anaconda3/envs/python38pycaret/lib/python3.8/site-packages/pycaret/internal/metrics.py:190: FitFailedWarning: Metric 'make_scorer(roc_auc_score, needs_proba=True, error_score=0.0, average=weighted, multi_class=ovr)' failed and error score 0.0 has been returned instead. If this is a custom metric, this usually means that the error is in the metric code. Full exception below:
Traceback (most recent call last):
  File "/Users/hitss/anaconda3/envs/python38pycaret/lib/python3.8/site-packages/sklearn/metrics/_scorer.py", line 76, in _cached_call
    return cache[method]
KeyError: 'predict_proba'

During handling of the above exception, another exception occurred:

Traceback (most recent call last):
  File "/Users/hitss/anaconda3/envs/python38pycaret/lib/python3.8/site-packages/pycaret/internal/metrics.py", line 182, in _score
    return super()._score(
  File "/Users/hitss/anaconda3/envs/python38pycaret/lib/python3.8/site-packages/sklearn/metrics/_scorer.py", line 316, in _score
    y_pred = method_caller(clf, "predict_proba", X)
  File "/Users/hitss/anaconda3/envs/python38pycaret/lib/python3.8/site-packages/sklearn/metrics/_scorer.py", line 78, in _cached_call
    result = getattr(estimator, method)(*args, **kwargs)
  File "/Users/hitss/anaconda3/envs/python38pycaret/lib/python3.8/site-packages/sklearn/utils/_available_if.py", line 32, in __get__
    if not self.check(obj):
  File "/Users/hitss/anaconda3/envs/python38pycaret/lib/python3.8/site-packages/sklearn/linear_model/_stochastic_gradient.py", line 1235, in _check_proba
    raise AttributeError(
AttributeError: probability estimates are not available for loss='hinge'

  warnings.warn(

2023-11-04 21:18:35,318:WARNING:/Users/hitss/anaconda3/envs/python38pycaret/lib/python3.8/site-packages/pycaret/internal/metrics.py:190: FitFailedWarning: Metric 'make_scorer(roc_auc_score, needs_proba=True, error_score=0.0, average=weighted, multi_class=ovr)' failed and error score 0.0 has been returned instead. If this is a custom metric, this usually means that the error is in the metric code. Full exception below:
Traceback (most recent call last):
  File "/Users/hitss/anaconda3/envs/python38pycaret/lib/python3.8/site-packages/sklearn/metrics/_scorer.py", line 76, in _cached_call
    return cache[method]
KeyError: 'predict_proba'

During handling of the above exception, another exception occurred:

Traceback (most recent call last):
  File "/Users/hitss/anaconda3/envs/python38pycaret/lib/python3.8/site-packages/pycaret/internal/metrics.py", line 182, in _score
    return super()._score(
  File "/Users/hitss/anaconda3/envs/python38pycaret/lib/python3.8/site-packages/sklearn/metrics/_scorer.py", line 316, in _score
    y_pred = method_caller(clf, "predict_proba", X)
  File "/Users/hitss/anaconda3/envs/python38pycaret/lib/python3.8/site-packages/sklearn/metrics/_scorer.py", line 78, in _cached_call
    result = getattr(estimator, method)(*args, **kwargs)
  File "/Users/hitss/anaconda3/envs/python38pycaret/lib/python3.8/site-packages/sklearn/utils/_available_if.py", line 32, in __get__
    if not self.check(obj):
  File "/Users/hitss/anaconda3/envs/python38pycaret/lib/python3.8/site-packages/sklearn/linear_model/_stochastic_gradient.py", line 1235, in _check_proba
    raise AttributeError(
AttributeError: probability estimates are not available for loss='hinge'

  warnings.warn(

2023-11-04 21:18:35,341:WARNING:/Users/hitss/anaconda3/envs/python38pycaret/lib/python3.8/site-packages/pycaret/internal/metrics.py:190: FitFailedWarning: Metric 'make_scorer(roc_auc_score, needs_proba=True, error_score=0.0, average=weighted, multi_class=ovr)' failed and error score 0.0 has been returned instead. If this is a custom metric, this usually means that the error is in the metric code. Full exception below:
Traceback (most recent call last):
  File "/Users/hitss/anaconda3/envs/python38pycaret/lib/python3.8/site-packages/sklearn/metrics/_scorer.py", line 76, in _cached_call
    return cache[method]
KeyError: 'predict_proba'

During handling of the above exception, another exception occurred:

Traceback (most recent call last):
  File "/Users/hitss/anaconda3/envs/python38pycaret/lib/python3.8/site-packages/pycaret/internal/metrics.py", line 182, in _score
    return super()._score(
  File "/Users/hitss/anaconda3/envs/python38pycaret/lib/python3.8/site-packages/sklearn/metrics/_scorer.py", line 316, in _score
    y_pred = method_caller(clf, "predict_proba", X)
  File "/Users/hitss/anaconda3/envs/python38pycaret/lib/python3.8/site-packages/sklearn/metrics/_scorer.py", line 78, in _cached_call
    result = getattr(estimator, method)(*args, **kwargs)
  File "/Users/hitss/anaconda3/envs/python38pycaret/lib/python3.8/site-packages/sklearn/utils/_available_if.py", line 32, in __get__
    if not self.check(obj):
  File "/Users/hitss/anaconda3/envs/python38pycaret/lib/python3.8/site-packages/sklearn/linear_model/_stochastic_gradient.py", line 1235, in _check_proba
    raise AttributeError(
AttributeError: probability estimates are not available for loss='hinge'

  warnings.warn(

2023-11-04 21:18:35,643:WARNING:/Users/hitss/anaconda3/envs/python38pycaret/lib/python3.8/site-packages/pycaret/internal/metrics.py:190: FitFailedWarning: Metric 'make_scorer(roc_auc_score, needs_proba=True, error_score=0.0, average=weighted, multi_class=ovr)' failed and error score 0.0 has been returned instead. If this is a custom metric, this usually means that the error is in the metric code. Full exception below:
Traceback (most recent call last):
  File "/Users/hitss/anaconda3/envs/python38pycaret/lib/python3.8/site-packages/sklearn/metrics/_scorer.py", line 76, in _cached_call
    return cache[method]
KeyError: 'predict_proba'

During handling of the above exception, another exception occurred:

Traceback (most recent call last):
  File "/Users/hitss/anaconda3/envs/python38pycaret/lib/python3.8/site-packages/pycaret/internal/metrics.py", line 182, in _score
    return super()._score(
  File "/Users/hitss/anaconda3/envs/python38pycaret/lib/python3.8/site-packages/sklearn/metrics/_scorer.py", line 316, in _score
    y_pred = method_caller(clf, "predict_proba", X)
  File "/Users/hitss/anaconda3/envs/python38pycaret/lib/python3.8/site-packages/sklearn/metrics/_scorer.py", line 78, in _cached_call
    result = getattr(estimator, method)(*args, **kwargs)
  File "/Users/hitss/anaconda3/envs/python38pycaret/lib/python3.8/site-packages/sklearn/utils/_available_if.py", line 32, in __get__
    if not self.check(obj):
  File "/Users/hitss/anaconda3/envs/python38pycaret/lib/python3.8/site-packages/sklearn/linear_model/_stochastic_gradient.py", line 1235, in _check_proba
    raise AttributeError(
AttributeError: probability estimates are not available for loss='hinge'

  warnings.warn(

2023-11-04 21:18:35,821:WARNING:/Users/hitss/anaconda3/envs/python38pycaret/lib/python3.8/site-packages/pycaret/internal/metrics.py:190: FitFailedWarning: Metric 'make_scorer(roc_auc_score, needs_proba=True, error_score=0.0, average=weighted, multi_class=ovr)' failed and error score 0.0 has been returned instead. If this is a custom metric, this usually means that the error is in the metric code. Full exception below:
Traceback (most recent call last):
  File "/Users/hitss/anaconda3/envs/python38pycaret/lib/python3.8/site-packages/sklearn/metrics/_scorer.py", line 76, in _cached_call
    return cache[method]
KeyError: 'predict_proba'

During handling of the above exception, another exception occurred:

Traceback (most recent call last):
  File "/Users/hitss/anaconda3/envs/python38pycaret/lib/python3.8/site-packages/pycaret/internal/metrics.py", line 182, in _score
    return super()._score(
  File "/Users/hitss/anaconda3/envs/python38pycaret/lib/python3.8/site-packages/sklearn/metrics/_scorer.py", line 316, in _score
    y_pred = method_caller(clf, "predict_proba", X)
  File "/Users/hitss/anaconda3/envs/python38pycaret/lib/python3.8/site-packages/sklearn/metrics/_scorer.py", line 78, in _cached_call
    result = getattr(estimator, method)(*args, **kwargs)
  File "/Users/hitss/anaconda3/envs/python38pycaret/lib/python3.8/site-packages/sklearn/utils/_available_if.py", line 32, in __get__
    if not self.check(obj):
  File "/Users/hitss/anaconda3/envs/python38pycaret/lib/python3.8/site-packages/sklearn/linear_model/_stochastic_gradient.py", line 1235, in _check_proba
    raise AttributeError(
AttributeError: probability estimates are not available for loss='hinge'

  warnings.warn(

2023-11-04 21:18:36,005:INFO:Calculating mean and std
2023-11-04 21:18:36,007:INFO:Creating metrics dataframe
2023-11-04 21:18:36,011:INFO:Uploading results into container
2023-11-04 21:18:36,012:INFO:Uploading model into container now
2023-11-04 21:18:36,012:INFO:_master_model_container: 5
2023-11-04 21:18:36,012:INFO:_display_container: 2
2023-11-04 21:18:36,013:INFO:SGDClassifier(alpha=0.0001, average=False, class_weight=None,
              early_stopping=False, epsilon=0.1, eta0=0.001, fit_intercept=True,
              l1_ratio=0.15, learning_rate='optimal', loss='hinge',
              max_iter=1000, n_iter_no_change=5, n_jobs=-1, penalty='l2',
              power_t=0.5, random_state=123, shuffle=True, tol=0.001,
              validation_fraction=0.1, verbose=0, warm_start=False)
2023-11-04 21:18:36,013:INFO:create_model() successfully completed......................................
2023-11-04 21:18:36,249:INFO:SubProcess create_model() end ==================================
2023-11-04 21:18:36,249:INFO:Creating metrics dataframe
2023-11-04 21:18:36,265:INFO:Initializing Ridge Classifier
2023-11-04 21:18:36,265:INFO:Total runtime is 12.563379498322805 minutes
2023-11-04 21:18:36,271:INFO:SubProcess create_model() called ==================================
2023-11-04 21:18:36,272:INFO:Initializing create_model()
2023-11-04 21:18:36,272:INFO:create_model(self=<pycaret.classification.oop.ClassificationExperiment object at 0x7f99212817f0>, estimator=ridge, fold=StratifiedKFold(n_splits=10, random_state=None, shuffle=False), round=4, cross_validation=True, predict=True, fit_kwargs={}, groups=None, refit=False, probability_threshold=None, experiment_custom_tags=None, verbose=False, system=False, add_to_model_list=True, metrics=None, display=<pycaret.internal.display.display.CommonDisplay object at 0x7f9914c345b0>, model_only=True, return_train_score=False, kwargs={})
2023-11-04 21:18:36,272:INFO:Checking exceptions
2023-11-04 21:18:36,272:INFO:Importing libraries
2023-11-04 21:18:36,272:INFO:Copying training dataset
2023-11-04 21:18:36,499:INFO:Defining folds
2023-11-04 21:18:36,499:INFO:Declaring metric variables
2023-11-04 21:18:36,503:INFO:Importing untrained model
2023-11-04 21:18:36,507:INFO:Ridge Classifier Imported successfully
2023-11-04 21:18:36,514:INFO:Starting cross validation
2023-11-04 21:18:36,517:INFO:Cross validating with StratifiedKFold(n_splits=10, random_state=None, shuffle=False), n_jobs=-1
2023-11-04 21:18:49,586:WARNING:/Users/hitss/anaconda3/envs/python38pycaret/lib/python3.8/site-packages/pycaret/internal/metrics.py:190: FitFailedWarning: Metric 'make_scorer(roc_auc_score, needs_proba=True, error_score=0.0, average=weighted, multi_class=ovr)' failed and error score 0.0 has been returned instead. If this is a custom metric, this usually means that the error is in the metric code. Full exception below:
Traceback (most recent call last):
  File "/Users/hitss/anaconda3/envs/python38pycaret/lib/python3.8/site-packages/sklearn/metrics/_scorer.py", line 76, in _cached_call
    return cache[method]
KeyError: 'predict_proba'

During handling of the above exception, another exception occurred:

Traceback (most recent call last):
  File "/Users/hitss/anaconda3/envs/python38pycaret/lib/python3.8/site-packages/pycaret/internal/metrics.py", line 182, in _score
    return super()._score(
  File "/Users/hitss/anaconda3/envs/python38pycaret/lib/python3.8/site-packages/sklearn/metrics/_scorer.py", line 316, in _score
    y_pred = method_caller(clf, "predict_proba", X)
  File "/Users/hitss/anaconda3/envs/python38pycaret/lib/python3.8/site-packages/sklearn/metrics/_scorer.py", line 78, in _cached_call
    result = getattr(estimator, method)(*args, **kwargs)
AttributeError: 'RidgeClassifier' object has no attribute 'predict_proba'

  warnings.warn(

2023-11-04 21:18:49,663:WARNING:/Users/hitss/anaconda3/envs/python38pycaret/lib/python3.8/site-packages/sklearn/metrics/_classification.py:1344: UndefinedMetricWarning: Precision is ill-defined and being set to 0.0 due to no predicted samples. Use `zero_division` parameter to control this behavior.
  _warn_prf(average, modifier, msg_start, len(result))

2023-11-04 21:18:50,319:WARNING:/Users/hitss/anaconda3/envs/python38pycaret/lib/python3.8/site-packages/pycaret/internal/metrics.py:190: FitFailedWarning: Metric 'make_scorer(roc_auc_score, needs_proba=True, error_score=0.0, average=weighted, multi_class=ovr)' failed and error score 0.0 has been returned instead. If this is a custom metric, this usually means that the error is in the metric code. Full exception below:
Traceback (most recent call last):
  File "/Users/hitss/anaconda3/envs/python38pycaret/lib/python3.8/site-packages/sklearn/metrics/_scorer.py", line 76, in _cached_call
    return cache[method]
KeyError: 'predict_proba'

During handling of the above exception, another exception occurred:

Traceback (most recent call last):
  File "/Users/hitss/anaconda3/envs/python38pycaret/lib/python3.8/site-packages/pycaret/internal/metrics.py", line 182, in _score
    return super()._score(
  File "/Users/hitss/anaconda3/envs/python38pycaret/lib/python3.8/site-packages/sklearn/metrics/_scorer.py", line 316, in _score
    y_pred = method_caller(clf, "predict_proba", X)
  File "/Users/hitss/anaconda3/envs/python38pycaret/lib/python3.8/site-packages/sklearn/metrics/_scorer.py", line 78, in _cached_call
    result = getattr(estimator, method)(*args, **kwargs)
AttributeError: 'RidgeClassifier' object has no attribute 'predict_proba'

  warnings.warn(

2023-11-04 21:18:50,378:WARNING:/Users/hitss/anaconda3/envs/python38pycaret/lib/python3.8/site-packages/sklearn/metrics/_classification.py:1344: UndefinedMetricWarning: Precision is ill-defined and being set to 0.0 due to no predicted samples. Use `zero_division` parameter to control this behavior.
  _warn_prf(average, modifier, msg_start, len(result))

2023-11-04 21:18:50,575:WARNING:/Users/hitss/anaconda3/envs/python38pycaret/lib/python3.8/site-packages/pycaret/internal/metrics.py:190: FitFailedWarning: Metric 'make_scorer(roc_auc_score, needs_proba=True, error_score=0.0, average=weighted, multi_class=ovr)' failed and error score 0.0 has been returned instead. If this is a custom metric, this usually means that the error is in the metric code. Full exception below:
Traceback (most recent call last):
  File "/Users/hitss/anaconda3/envs/python38pycaret/lib/python3.8/site-packages/sklearn/metrics/_scorer.py", line 76, in _cached_call
    return cache[method]
KeyError: 'predict_proba'

During handling of the above exception, another exception occurred:

Traceback (most recent call last):
  File "/Users/hitss/anaconda3/envs/python38pycaret/lib/python3.8/site-packages/pycaret/internal/metrics.py", line 182, in _score
    return super()._score(
  File "/Users/hitss/anaconda3/envs/python38pycaret/lib/python3.8/site-packages/sklearn/metrics/_scorer.py", line 316, in _score
    y_pred = method_caller(clf, "predict_proba", X)
  File "/Users/hitss/anaconda3/envs/python38pycaret/lib/python3.8/site-packages/sklearn/metrics/_scorer.py", line 78, in _cached_call
    result = getattr(estimator, method)(*args, **kwargs)
AttributeError: 'RidgeClassifier' object has no attribute 'predict_proba'

  warnings.warn(

2023-11-04 21:18:50,630:WARNING:/Users/hitss/anaconda3/envs/python38pycaret/lib/python3.8/site-packages/sklearn/metrics/_classification.py:1344: UndefinedMetricWarning: Precision is ill-defined and being set to 0.0 due to no predicted samples. Use `zero_division` parameter to control this behavior.
  _warn_prf(average, modifier, msg_start, len(result))

2023-11-04 21:18:50,742:WARNING:/Users/hitss/anaconda3/envs/python38pycaret/lib/python3.8/site-packages/pycaret/internal/metrics.py:190: FitFailedWarning: Metric 'make_scorer(roc_auc_score, needs_proba=True, error_score=0.0, average=weighted, multi_class=ovr)' failed and error score 0.0 has been returned instead. If this is a custom metric, this usually means that the error is in the metric code. Full exception below:
Traceback (most recent call last):
  File "/Users/hitss/anaconda3/envs/python38pycaret/lib/python3.8/site-packages/sklearn/metrics/_scorer.py", line 76, in _cached_call
    return cache[method]
KeyError: 'predict_proba'

During handling of the above exception, another exception occurred:

Traceback (most recent call last):
  File "/Users/hitss/anaconda3/envs/python38pycaret/lib/python3.8/site-packages/pycaret/internal/metrics.py", line 182, in _score
    return super()._score(
  File "/Users/hitss/anaconda3/envs/python38pycaret/lib/python3.8/site-packages/sklearn/metrics/_scorer.py", line 316, in _score
    y_pred = method_caller(clf, "predict_proba", X)
  File "/Users/hitss/anaconda3/envs/python38pycaret/lib/python3.8/site-packages/sklearn/metrics/_scorer.py", line 78, in _cached_call
    result = getattr(estimator, method)(*args, **kwargs)
AttributeError: 'RidgeClassifier' object has no attribute 'predict_proba'

  warnings.warn(

2023-11-04 21:18:50,790:WARNING:/Users/hitss/anaconda3/envs/python38pycaret/lib/python3.8/site-packages/sklearn/metrics/_classification.py:1344: UndefinedMetricWarning: Precision is ill-defined and being set to 0.0 due to no predicted samples. Use `zero_division` parameter to control this behavior.
  _warn_prf(average, modifier, msg_start, len(result))

2023-11-04 21:18:50,993:WARNING:/Users/hitss/anaconda3/envs/python38pycaret/lib/python3.8/site-packages/pycaret/internal/metrics.py:190: FitFailedWarning: Metric 'make_scorer(roc_auc_score, needs_proba=True, error_score=0.0, average=weighted, multi_class=ovr)' failed and error score 0.0 has been returned instead. If this is a custom metric, this usually means that the error is in the metric code. Full exception below:
Traceback (most recent call last):
  File "/Users/hitss/anaconda3/envs/python38pycaret/lib/python3.8/site-packages/sklearn/metrics/_scorer.py", line 76, in _cached_call
    return cache[method]
KeyError: 'predict_proba'

During handling of the above exception, another exception occurred:

Traceback (most recent call last):
  File "/Users/hitss/anaconda3/envs/python38pycaret/lib/python3.8/site-packages/pycaret/internal/metrics.py", line 182, in _score
    return super()._score(
  File "/Users/hitss/anaconda3/envs/python38pycaret/lib/python3.8/site-packages/sklearn/metrics/_scorer.py", line 316, in _score
    y_pred = method_caller(clf, "predict_proba", X)
  File "/Users/hitss/anaconda3/envs/python38pycaret/lib/python3.8/site-packages/sklearn/metrics/_scorer.py", line 78, in _cached_call
    result = getattr(estimator, method)(*args, **kwargs)
AttributeError: 'RidgeClassifier' object has no attribute 'predict_proba'

  warnings.warn(

2023-11-04 21:18:50,996:WARNING:/Users/hitss/anaconda3/envs/python38pycaret/lib/python3.8/site-packages/pycaret/internal/metrics.py:190: FitFailedWarning: Metric 'make_scorer(roc_auc_score, needs_proba=True, error_score=0.0, average=weighted, multi_class=ovr)' failed and error score 0.0 has been returned instead. If this is a custom metric, this usually means that the error is in the metric code. Full exception below:
Traceback (most recent call last):
  File "/Users/hitss/anaconda3/envs/python38pycaret/lib/python3.8/site-packages/sklearn/metrics/_scorer.py", line 76, in _cached_call
    return cache[method]
KeyError: 'predict_proba'

During handling of the above exception, another exception occurred:

Traceback (most recent call last):
  File "/Users/hitss/anaconda3/envs/python38pycaret/lib/python3.8/site-packages/pycaret/internal/metrics.py", line 182, in _score
    return super()._score(
  File "/Users/hitss/anaconda3/envs/python38pycaret/lib/python3.8/site-packages/sklearn/metrics/_scorer.py", line 316, in _score
    y_pred = method_caller(clf, "predict_proba", X)
  File "/Users/hitss/anaconda3/envs/python38pycaret/lib/python3.8/site-packages/sklearn/metrics/_scorer.py", line 78, in _cached_call
    result = getattr(estimator, method)(*args, **kwargs)
AttributeError: 'RidgeClassifier' object has no attribute 'predict_proba'

  warnings.warn(

2023-11-04 21:18:51,030:WARNING:/Users/hitss/anaconda3/envs/python38pycaret/lib/python3.8/site-packages/sklearn/metrics/_classification.py:1344: UndefinedMetricWarning: Precision is ill-defined and being set to 0.0 due to no predicted samples. Use `zero_division` parameter to control this behavior.
  _warn_prf(average, modifier, msg_start, len(result))

2023-11-04 21:18:51,034:WARNING:/Users/hitss/anaconda3/envs/python38pycaret/lib/python3.8/site-packages/sklearn/metrics/_classification.py:1344: UndefinedMetricWarning: Precision is ill-defined and being set to 0.0 due to no predicted samples. Use `zero_division` parameter to control this behavior.
  _warn_prf(average, modifier, msg_start, len(result))

2023-11-04 21:18:51,115:WARNING:/Users/hitss/anaconda3/envs/python38pycaret/lib/python3.8/site-packages/pycaret/internal/metrics.py:190: FitFailedWarning: Metric 'make_scorer(roc_auc_score, needs_proba=True, error_score=0.0, average=weighted, multi_class=ovr)' failed and error score 0.0 has been returned instead. If this is a custom metric, this usually means that the error is in the metric code. Full exception below:
Traceback (most recent call last):
  File "/Users/hitss/anaconda3/envs/python38pycaret/lib/python3.8/site-packages/sklearn/metrics/_scorer.py", line 76, in _cached_call
    return cache[method]
KeyError: 'predict_proba'

During handling of the above exception, another exception occurred:

Traceback (most recent call last):
  File "/Users/hitss/anaconda3/envs/python38pycaret/lib/python3.8/site-packages/pycaret/internal/metrics.py", line 182, in _score
    return super()._score(
  File "/Users/hitss/anaconda3/envs/python38pycaret/lib/python3.8/site-packages/sklearn/metrics/_scorer.py", line 316, in _score
    y_pred = method_caller(clf, "predict_proba", X)
  File "/Users/hitss/anaconda3/envs/python38pycaret/lib/python3.8/site-packages/sklearn/metrics/_scorer.py", line 78, in _cached_call
    result = getattr(estimator, method)(*args, **kwargs)
AttributeError: 'RidgeClassifier' object has no attribute 'predict_proba'

  warnings.warn(

2023-11-04 21:18:51,146:WARNING:/Users/hitss/anaconda3/envs/python38pycaret/lib/python3.8/site-packages/sklearn/metrics/_classification.py:1344: UndefinedMetricWarning: Precision is ill-defined and being set to 0.0 due to no predicted samples. Use `zero_division` parameter to control this behavior.
  _warn_prf(average, modifier, msg_start, len(result))

2023-11-04 21:18:51,224:WARNING:/Users/hitss/anaconda3/envs/python38pycaret/lib/python3.8/site-packages/pycaret/internal/metrics.py:190: FitFailedWarning: Metric 'make_scorer(roc_auc_score, needs_proba=True, error_score=0.0, average=weighted, multi_class=ovr)' failed and error score 0.0 has been returned instead. If this is a custom metric, this usually means that the error is in the metric code. Full exception below:
Traceback (most recent call last):
  File "/Users/hitss/anaconda3/envs/python38pycaret/lib/python3.8/site-packages/sklearn/metrics/_scorer.py", line 76, in _cached_call
    return cache[method]
KeyError: 'predict_proba'

During handling of the above exception, another exception occurred:

Traceback (most recent call last):
  File "/Users/hitss/anaconda3/envs/python38pycaret/lib/python3.8/site-packages/pycaret/internal/metrics.py", line 182, in _score
    return super()._score(
  File "/Users/hitss/anaconda3/envs/python38pycaret/lib/python3.8/site-packages/sklearn/metrics/_scorer.py", line 316, in _score
    y_pred = method_caller(clf, "predict_proba", X)
  File "/Users/hitss/anaconda3/envs/python38pycaret/lib/python3.8/site-packages/sklearn/metrics/_scorer.py", line 78, in _cached_call
    result = getattr(estimator, method)(*args, **kwargs)
AttributeError: 'RidgeClassifier' object has no attribute 'predict_proba'

  warnings.warn(

2023-11-04 21:18:51,255:WARNING:/Users/hitss/anaconda3/envs/python38pycaret/lib/python3.8/site-packages/sklearn/metrics/_classification.py:1344: UndefinedMetricWarning: Precision is ill-defined and being set to 0.0 due to no predicted samples. Use `zero_division` parameter to control this behavior.
  _warn_prf(average, modifier, msg_start, len(result))

2023-11-04 21:18:51,272:WARNING:/Users/hitss/anaconda3/envs/python38pycaret/lib/python3.8/site-packages/pycaret/internal/metrics.py:190: FitFailedWarning: Metric 'make_scorer(roc_auc_score, needs_proba=True, error_score=0.0, average=weighted, multi_class=ovr)' failed and error score 0.0 has been returned instead. If this is a custom metric, this usually means that the error is in the metric code. Full exception below:
Traceback (most recent call last):
  File "/Users/hitss/anaconda3/envs/python38pycaret/lib/python3.8/site-packages/sklearn/metrics/_scorer.py", line 76, in _cached_call
    return cache[method]
KeyError: 'predict_proba'

During handling of the above exception, another exception occurred:

Traceback (most recent call last):
  File "/Users/hitss/anaconda3/envs/python38pycaret/lib/python3.8/site-packages/pycaret/internal/metrics.py", line 182, in _score
    return super()._score(
  File "/Users/hitss/anaconda3/envs/python38pycaret/lib/python3.8/site-packages/sklearn/metrics/_scorer.py", line 316, in _score
    y_pred = method_caller(clf, "predict_proba", X)
  File "/Users/hitss/anaconda3/envs/python38pycaret/lib/python3.8/site-packages/sklearn/metrics/_scorer.py", line 78, in _cached_call
    result = getattr(estimator, method)(*args, **kwargs)
AttributeError: 'RidgeClassifier' object has no attribute 'predict_proba'

  warnings.warn(

2023-11-04 21:18:51,302:WARNING:/Users/hitss/anaconda3/envs/python38pycaret/lib/python3.8/site-packages/sklearn/metrics/_classification.py:1344: UndefinedMetricWarning: Precision is ill-defined and being set to 0.0 due to no predicted samples. Use `zero_division` parameter to control this behavior.
  _warn_prf(average, modifier, msg_start, len(result))

2023-11-04 21:18:51,380:WARNING:/Users/hitss/anaconda3/envs/python38pycaret/lib/python3.8/site-packages/pycaret/internal/metrics.py:190: FitFailedWarning: Metric 'make_scorer(roc_auc_score, needs_proba=True, error_score=0.0, average=weighted, multi_class=ovr)' failed and error score 0.0 has been returned instead. If this is a custom metric, this usually means that the error is in the metric code. Full exception below:
Traceback (most recent call last):
  File "/Users/hitss/anaconda3/envs/python38pycaret/lib/python3.8/site-packages/sklearn/metrics/_scorer.py", line 76, in _cached_call
    return cache[method]
KeyError: 'predict_proba'

During handling of the above exception, another exception occurred:

Traceback (most recent call last):
  File "/Users/hitss/anaconda3/envs/python38pycaret/lib/python3.8/site-packages/pycaret/internal/metrics.py", line 182, in _score
    return super()._score(
  File "/Users/hitss/anaconda3/envs/python38pycaret/lib/python3.8/site-packages/sklearn/metrics/_scorer.py", line 316, in _score
    y_pred = method_caller(clf, "predict_proba", X)
  File "/Users/hitss/anaconda3/envs/python38pycaret/lib/python3.8/site-packages/sklearn/metrics/_scorer.py", line 78, in _cached_call
    result = getattr(estimator, method)(*args, **kwargs)
AttributeError: 'RidgeClassifier' object has no attribute 'predict_proba'

  warnings.warn(

2023-11-04 21:18:51,408:WARNING:/Users/hitss/anaconda3/envs/python38pycaret/lib/python3.8/site-packages/sklearn/metrics/_classification.py:1344: UndefinedMetricWarning: Precision is ill-defined and being set to 0.0 due to no predicted samples. Use `zero_division` parameter to control this behavior.
  _warn_prf(average, modifier, msg_start, len(result))

2023-11-04 21:18:51,562:INFO:Calculating mean and std
2023-11-04 21:18:51,564:INFO:Creating metrics dataframe
2023-11-04 21:18:51,569:INFO:Uploading results into container
2023-11-04 21:18:51,570:INFO:Uploading model into container now
2023-11-04 21:18:51,571:INFO:_master_model_container: 6
2023-11-04 21:18:51,571:INFO:_display_container: 2
2023-11-04 21:18:51,571:INFO:RidgeClassifier(alpha=1.0, class_weight=None, copy_X=True, fit_intercept=True,
                max_iter=None, positive=False, random_state=123, solver='auto',
                tol=0.0001)
2023-11-04 21:18:51,571:INFO:create_model() successfully completed......................................
2023-11-04 21:18:51,804:INFO:SubProcess create_model() end ==================================
2023-11-04 21:18:51,804:INFO:Creating metrics dataframe
2023-11-04 21:18:51,820:INFO:Initializing Random Forest Classifier
2023-11-04 21:18:51,821:INFO:Total runtime is 12.822638114293417 minutes
2023-11-04 21:18:51,826:INFO:SubProcess create_model() called ==================================
2023-11-04 21:18:51,826:INFO:Initializing create_model()
2023-11-04 21:18:51,827:INFO:create_model(self=<pycaret.classification.oop.ClassificationExperiment object at 0x7f99212817f0>, estimator=rf, fold=StratifiedKFold(n_splits=10, random_state=None, shuffle=False), round=4, cross_validation=True, predict=True, fit_kwargs={}, groups=None, refit=False, probability_threshold=None, experiment_custom_tags=None, verbose=False, system=False, add_to_model_list=True, metrics=None, display=<pycaret.internal.display.display.CommonDisplay object at 0x7f9914c345b0>, model_only=True, return_train_score=False, kwargs={})
2023-11-04 21:18:51,827:INFO:Checking exceptions
2023-11-04 21:18:51,827:INFO:Importing libraries
2023-11-04 21:18:51,827:INFO:Copying training dataset
2023-11-04 21:18:52,073:INFO:Defining folds
2023-11-04 21:18:52,073:INFO:Declaring metric variables
2023-11-04 21:18:52,077:INFO:Importing untrained model
2023-11-04 21:18:52,083:INFO:Random Forest Classifier Imported successfully
2023-11-04 21:18:52,097:INFO:Starting cross validation
2023-11-04 21:18:52,100:INFO:Cross validating with StratifiedKFold(n_splits=10, random_state=None, shuffle=False), n_jobs=-1
2023-11-04 21:23:18,652:INFO:Calculating mean and std
2023-11-04 21:23:18,662:INFO:Creating metrics dataframe
2023-11-04 21:23:18,679:INFO:Uploading results into container
2023-11-04 21:23:18,681:INFO:Uploading model into container now
2023-11-04 21:23:18,683:INFO:_master_model_container: 7
2023-11-04 21:23:18,683:INFO:_display_container: 2
2023-11-04 21:23:18,685:INFO:RandomForestClassifier(bootstrap=True, ccp_alpha=0.0, class_weight=None,
                       criterion='gini', max_depth=None, max_features='sqrt',
                       max_leaf_nodes=None, max_samples=None,
                       min_impurity_decrease=0.0, min_samples_leaf=1,
                       min_samples_split=2, min_weight_fraction_leaf=0.0,
                       n_estimators=100, n_jobs=-1, oob_score=False,
                       random_state=123, verbose=0, warm_start=False)
2023-11-04 21:23:18,685:INFO:create_model() successfully completed......................................
2023-11-04 21:23:19,377:INFO:SubProcess create_model() end ==================================
2023-11-04 21:23:19,378:INFO:Creating metrics dataframe
2023-11-04 21:23:19,399:INFO:Initializing Quadratic Discriminant Analysis
2023-11-04 21:23:19,400:INFO:Total runtime is 17.28228642940521 minutes
2023-11-04 21:23:19,404:INFO:SubProcess create_model() called ==================================
2023-11-04 21:23:19,405:INFO:Initializing create_model()
2023-11-04 21:23:19,405:INFO:create_model(self=<pycaret.classification.oop.ClassificationExperiment object at 0x7f99212817f0>, estimator=qda, fold=StratifiedKFold(n_splits=10, random_state=None, shuffle=False), round=4, cross_validation=True, predict=True, fit_kwargs={}, groups=None, refit=False, probability_threshold=None, experiment_custom_tags=None, verbose=False, system=False, add_to_model_list=True, metrics=None, display=<pycaret.internal.display.display.CommonDisplay object at 0x7f9914c345b0>, model_only=True, return_train_score=False, kwargs={})
2023-11-04 21:23:19,405:INFO:Checking exceptions
2023-11-04 21:23:19,406:INFO:Importing libraries
2023-11-04 21:23:19,406:INFO:Copying training dataset
2023-11-04 21:23:19,719:INFO:Defining folds
2023-11-04 21:23:19,719:INFO:Declaring metric variables
2023-11-04 21:23:19,725:INFO:Importing untrained model
2023-11-04 21:23:19,730:INFO:Quadratic Discriminant Analysis Imported successfully
2023-11-04 21:23:19,743:INFO:Starting cross validation
2023-11-04 21:23:19,746:INFO:Cross validating with StratifiedKFold(n_splits=10, random_state=None, shuffle=False), n_jobs=-1
2023-11-04 21:23:40,859:WARNING:/Users/hitss/anaconda3/envs/python38pycaret/lib/python3.8/site-packages/sklearn/discriminant_analysis.py:926: UserWarning: Variables are collinear
  warnings.warn("Variables are collinear")

2023-11-04 21:23:41,330:WARNING:/Users/hitss/anaconda3/envs/python38pycaret/lib/python3.8/site-packages/sklearn/discriminant_analysis.py:926: UserWarning: Variables are collinear
  warnings.warn("Variables are collinear")

2023-11-04 21:23:41,447:WARNING:/Users/hitss/anaconda3/envs/python38pycaret/lib/python3.8/site-packages/sklearn/discriminant_analysis.py:926: UserWarning: Variables are collinear
  warnings.warn("Variables are collinear")

2023-11-04 21:23:42,245:WARNING:/Users/hitss/anaconda3/envs/python38pycaret/lib/python3.8/site-packages/sklearn/discriminant_analysis.py:926: UserWarning: Variables are collinear
  warnings.warn("Variables are collinear")

2023-11-04 21:23:43,126:WARNING:/Users/hitss/anaconda3/envs/python38pycaret/lib/python3.8/site-packages/sklearn/discriminant_analysis.py:926: UserWarning: Variables are collinear
  warnings.warn("Variables are collinear")

2023-11-04 21:23:43,581:WARNING:/Users/hitss/anaconda3/envs/python38pycaret/lib/python3.8/site-packages/sklearn/discriminant_analysis.py:926: UserWarning: Variables are collinear
  warnings.warn("Variables are collinear")

2023-11-04 21:23:43,825:WARNING:/Users/hitss/anaconda3/envs/python38pycaret/lib/python3.8/site-packages/sklearn/discriminant_analysis.py:926: UserWarning: Variables are collinear
  warnings.warn("Variables are collinear")

2023-11-04 21:23:43,990:WARNING:/Users/hitss/anaconda3/envs/python38pycaret/lib/python3.8/site-packages/sklearn/discriminant_analysis.py:926: UserWarning: Variables are collinear
  warnings.warn("Variables are collinear")

2023-11-04 21:23:44,032:WARNING:/Users/hitss/anaconda3/envs/python38pycaret/lib/python3.8/site-packages/sklearn/discriminant_analysis.py:926: UserWarning: Variables are collinear
  warnings.warn("Variables are collinear")

2023-11-04 21:23:45,084:WARNING:/Users/hitss/anaconda3/envs/python38pycaret/lib/python3.8/site-packages/sklearn/discriminant_analysis.py:926: UserWarning: Variables are collinear
  warnings.warn("Variables are collinear")

2023-11-04 21:23:46,843:INFO:Calculating mean and std
2023-11-04 21:23:46,845:INFO:Creating metrics dataframe
2023-11-04 21:23:46,849:INFO:Uploading results into container
2023-11-04 21:23:46,850:INFO:Uploading model into container now
2023-11-04 21:23:46,850:INFO:_master_model_container: 8
2023-11-04 21:23:46,850:INFO:_display_container: 2
2023-11-04 21:23:46,851:INFO:QuadraticDiscriminantAnalysis(priors=None, reg_param=0.0,
                              store_covariance=False, tol=0.0001)
2023-11-04 21:23:46,851:INFO:create_model() successfully completed......................................
2023-11-04 21:23:47,110:INFO:SubProcess create_model() end ==================================
2023-11-04 21:23:47,110:INFO:Creating metrics dataframe
2023-11-04 21:23:47,128:INFO:Initializing Ada Boost Classifier
2023-11-04 21:23:47,129:INFO:Total runtime is 17.744436415036517 minutes
2023-11-04 21:23:47,133:INFO:SubProcess create_model() called ==================================
2023-11-04 21:23:47,134:INFO:Initializing create_model()
2023-11-04 21:23:47,134:INFO:create_model(self=<pycaret.classification.oop.ClassificationExperiment object at 0x7f99212817f0>, estimator=ada, fold=StratifiedKFold(n_splits=10, random_state=None, shuffle=False), round=4, cross_validation=True, predict=True, fit_kwargs={}, groups=None, refit=False, probability_threshold=None, experiment_custom_tags=None, verbose=False, system=False, add_to_model_list=True, metrics=None, display=<pycaret.internal.display.display.CommonDisplay object at 0x7f9914c345b0>, model_only=True, return_train_score=False, kwargs={})
2023-11-04 21:23:47,134:INFO:Checking exceptions
2023-11-04 21:23:47,134:INFO:Importing libraries
2023-11-04 21:23:47,134:INFO:Copying training dataset
2023-11-04 21:23:47,413:INFO:Defining folds
2023-11-04 21:23:47,413:INFO:Declaring metric variables
2023-11-04 21:23:47,417:INFO:Importing untrained model
2023-11-04 21:23:47,422:INFO:Ada Boost Classifier Imported successfully
2023-11-04 21:23:47,429:INFO:Starting cross validation
2023-11-04 21:23:47,431:INFO:Cross validating with StratifiedKFold(n_splits=10, random_state=None, shuffle=False), n_jobs=-1
2023-11-04 21:25:32,707:INFO:Calculating mean and std
2023-11-04 21:25:32,711:INFO:Creating metrics dataframe
2023-11-04 21:25:32,717:INFO:Uploading results into container
2023-11-04 21:25:32,718:INFO:Uploading model into container now
2023-11-04 21:25:32,719:INFO:_master_model_container: 9
2023-11-04 21:25:32,719:INFO:_display_container: 2
2023-11-04 21:25:32,720:INFO:AdaBoostClassifier(algorithm='SAMME.R', base_estimator='deprecated',
                   estimator=None, learning_rate=1.0, n_estimators=50,
                   random_state=123)
2023-11-04 21:25:32,720:INFO:create_model() successfully completed......................................
2023-11-04 21:25:33,008:INFO:SubProcess create_model() end ==================================
2023-11-04 21:25:33,009:INFO:Creating metrics dataframe
2023-11-04 21:25:33,026:INFO:Initializing Gradient Boosting Classifier
2023-11-04 21:25:33,027:INFO:Total runtime is 19.509405080477396 minutes
2023-11-04 21:25:33,031:INFO:SubProcess create_model() called ==================================
2023-11-04 21:25:33,031:INFO:Initializing create_model()
2023-11-04 21:25:33,032:INFO:create_model(self=<pycaret.classification.oop.ClassificationExperiment object at 0x7f99212817f0>, estimator=gbc, fold=StratifiedKFold(n_splits=10, random_state=None, shuffle=False), round=4, cross_validation=True, predict=True, fit_kwargs={}, groups=None, refit=False, probability_threshold=None, experiment_custom_tags=None, verbose=False, system=False, add_to_model_list=True, metrics=None, display=<pycaret.internal.display.display.CommonDisplay object at 0x7f9914c345b0>, model_only=True, return_train_score=False, kwargs={})
2023-11-04 21:25:33,032:INFO:Checking exceptions
2023-11-04 21:25:33,032:INFO:Importing libraries
2023-11-04 21:25:33,032:INFO:Copying training dataset
2023-11-04 21:25:33,273:INFO:Defining folds
2023-11-04 21:25:33,273:INFO:Declaring metric variables
2023-11-04 21:25:33,278:INFO:Importing untrained model
2023-11-04 21:25:33,283:INFO:Gradient Boosting Classifier Imported successfully
2023-11-04 21:25:33,297:INFO:Starting cross validation
2023-11-04 21:25:33,302:INFO:Cross validating with StratifiedKFold(n_splits=10, random_state=None, shuffle=False), n_jobs=-1
2023-11-04 21:32:11,539:INFO:Calculating mean and std
2023-11-04 21:32:11,541:INFO:Creating metrics dataframe
2023-11-04 21:32:11,545:INFO:Uploading results into container
2023-11-04 21:32:11,546:INFO:Uploading model into container now
2023-11-04 21:32:11,546:INFO:_master_model_container: 10
2023-11-04 21:32:11,546:INFO:_display_container: 2
2023-11-04 21:32:11,547:INFO:GradientBoostingClassifier(ccp_alpha=0.0, criterion='friedman_mse', init=None,
                           learning_rate=0.1, loss='log_loss', max_depth=3,
                           max_features=None, max_leaf_nodes=None,
                           min_impurity_decrease=0.0, min_samples_leaf=1,
                           min_samples_split=2, min_weight_fraction_leaf=0.0,
                           n_estimators=100, n_iter_no_change=None,
                           random_state=123, subsample=1.0, tol=0.0001,
                           validation_fraction=0.1, verbose=0,
                           warm_start=False)
2023-11-04 21:32:11,547:INFO:create_model() successfully completed......................................
2023-11-04 21:32:11,773:INFO:SubProcess create_model() end ==================================
2023-11-04 21:32:11,773:INFO:Creating metrics dataframe
2023-11-04 21:32:11,793:INFO:Initializing Linear Discriminant Analysis
2023-11-04 21:32:11,793:INFO:Total runtime is 26.155508681138357 minutes
2023-11-04 21:32:11,797:INFO:SubProcess create_model() called ==================================
2023-11-04 21:32:11,798:INFO:Initializing create_model()
2023-11-04 21:32:11,798:INFO:create_model(self=<pycaret.classification.oop.ClassificationExperiment object at 0x7f99212817f0>, estimator=lda, fold=StratifiedKFold(n_splits=10, random_state=None, shuffle=False), round=4, cross_validation=True, predict=True, fit_kwargs={}, groups=None, refit=False, probability_threshold=None, experiment_custom_tags=None, verbose=False, system=False, add_to_model_list=True, metrics=None, display=<pycaret.internal.display.display.CommonDisplay object at 0x7f9914c345b0>, model_only=True, return_train_score=False, kwargs={})
2023-11-04 21:32:11,798:INFO:Checking exceptions
2023-11-04 21:32:11,799:INFO:Importing libraries
2023-11-04 21:32:11,799:INFO:Copying training dataset
2023-11-04 21:32:12,028:INFO:Defining folds
2023-11-04 21:32:12,028:INFO:Declaring metric variables
2023-11-04 21:32:12,032:INFO:Importing untrained model
2023-11-04 21:32:12,048:INFO:Linear Discriminant Analysis Imported successfully
2023-11-04 21:32:12,070:INFO:Starting cross validation
2023-11-04 21:32:12,073:INFO:Cross validating with StratifiedKFold(n_splits=10, random_state=None, shuffle=False), n_jobs=-1
2023-11-04 21:32:32,625:WARNING:/Users/hitss/anaconda3/envs/python38pycaret/lib/python3.8/site-packages/sklearn/metrics/_classification.py:1344: UndefinedMetricWarning: Precision is ill-defined and being set to 0.0 due to no predicted samples. Use `zero_division` parameter to control this behavior.
  _warn_prf(average, modifier, msg_start, len(result))

2023-11-04 21:32:35,945:WARNING:/Users/hitss/anaconda3/envs/python38pycaret/lib/python3.8/site-packages/sklearn/metrics/_classification.py:1344: UndefinedMetricWarning: Precision is ill-defined and being set to 0.0 due to no predicted samples. Use `zero_division` parameter to control this behavior.
  _warn_prf(average, modifier, msg_start, len(result))

2023-11-04 21:32:36,770:WARNING:/Users/hitss/anaconda3/envs/python38pycaret/lib/python3.8/site-packages/sklearn/metrics/_classification.py:1344: UndefinedMetricWarning: Precision is ill-defined and being set to 0.0 due to no predicted samples. Use `zero_division` parameter to control this behavior.
  _warn_prf(average, modifier, msg_start, len(result))

2023-11-04 21:32:37,157:WARNING:/Users/hitss/anaconda3/envs/python38pycaret/lib/python3.8/site-packages/sklearn/metrics/_classification.py:1344: UndefinedMetricWarning: Precision is ill-defined and being set to 0.0 due to no predicted samples. Use `zero_division` parameter to control this behavior.
  _warn_prf(average, modifier, msg_start, len(result))

2023-11-04 21:32:37,616:WARNING:/Users/hitss/anaconda3/envs/python38pycaret/lib/python3.8/site-packages/sklearn/metrics/_classification.py:1344: UndefinedMetricWarning: Precision is ill-defined and being set to 0.0 due to no predicted samples. Use `zero_division` parameter to control this behavior.
  _warn_prf(average, modifier, msg_start, len(result))

2023-11-04 21:32:38,247:WARNING:/Users/hitss/anaconda3/envs/python38pycaret/lib/python3.8/site-packages/sklearn/metrics/_classification.py:1344: UndefinedMetricWarning: Precision is ill-defined and being set to 0.0 due to no predicted samples. Use `zero_division` parameter to control this behavior.
  _warn_prf(average, modifier, msg_start, len(result))

2023-11-04 21:32:38,875:WARNING:/Users/hitss/anaconda3/envs/python38pycaret/lib/python3.8/site-packages/sklearn/metrics/_classification.py:1344: UndefinedMetricWarning: Precision is ill-defined and being set to 0.0 due to no predicted samples. Use `zero_division` parameter to control this behavior.
  _warn_prf(average, modifier, msg_start, len(result))

2023-11-04 21:32:38,897:WARNING:/Users/hitss/anaconda3/envs/python38pycaret/lib/python3.8/site-packages/sklearn/metrics/_classification.py:1344: UndefinedMetricWarning: Precision is ill-defined and being set to 0.0 due to no predicted samples. Use `zero_division` parameter to control this behavior.
  _warn_prf(average, modifier, msg_start, len(result))

2023-11-04 21:32:38,972:WARNING:/Users/hitss/anaconda3/envs/python38pycaret/lib/python3.8/site-packages/sklearn/metrics/_classification.py:1344: UndefinedMetricWarning: Precision is ill-defined and being set to 0.0 due to no predicted samples. Use `zero_division` parameter to control this behavior.
  _warn_prf(average, modifier, msg_start, len(result))

2023-11-04 21:32:39,659:WARNING:/Users/hitss/anaconda3/envs/python38pycaret/lib/python3.8/site-packages/sklearn/metrics/_classification.py:1344: UndefinedMetricWarning: Precision is ill-defined and being set to 0.0 due to no predicted samples. Use `zero_division` parameter to control this behavior.
  _warn_prf(average, modifier, msg_start, len(result))

2023-11-04 21:32:39,814:INFO:Calculating mean and std
2023-11-04 21:32:39,817:INFO:Creating metrics dataframe
2023-11-04 21:32:39,823:INFO:Uploading results into container
2023-11-04 21:32:39,824:INFO:Uploading model into container now
2023-11-04 21:32:39,824:INFO:_master_model_container: 11
2023-11-04 21:32:39,824:INFO:_display_container: 2
2023-11-04 21:32:39,825:INFO:LinearDiscriminantAnalysis(covariance_estimator=None, n_components=None,
                           priors=None, shrinkage=None, solver='svd',
                           store_covariance=False, tol=0.0001)
2023-11-04 21:32:39,825:INFO:create_model() successfully completed......................................
2023-11-04 21:32:40,090:INFO:SubProcess create_model() end ==================================
2023-11-04 21:32:40,090:INFO:Creating metrics dataframe
2023-11-04 21:32:40,115:INFO:Initializing Extra Trees Classifier
2023-11-04 21:32:40,115:INFO:Total runtime is 26.62754243214925 minutes
2023-11-04 21:32:40,120:INFO:SubProcess create_model() called ==================================
2023-11-04 21:32:40,121:INFO:Initializing create_model()
2023-11-04 21:32:40,121:INFO:create_model(self=<pycaret.classification.oop.ClassificationExperiment object at 0x7f99212817f0>, estimator=et, fold=StratifiedKFold(n_splits=10, random_state=None, shuffle=False), round=4, cross_validation=True, predict=True, fit_kwargs={}, groups=None, refit=False, probability_threshold=None, experiment_custom_tags=None, verbose=False, system=False, add_to_model_list=True, metrics=None, display=<pycaret.internal.display.display.CommonDisplay object at 0x7f9914c345b0>, model_only=True, return_train_score=False, kwargs={})
2023-11-04 21:32:40,121:INFO:Checking exceptions
2023-11-04 21:32:40,121:INFO:Importing libraries
2023-11-04 21:32:40,121:INFO:Copying training dataset
2023-11-04 21:32:40,378:INFO:Defining folds
2023-11-04 21:32:40,379:INFO:Declaring metric variables
2023-11-04 21:32:40,386:INFO:Importing untrained model
2023-11-04 21:32:40,392:INFO:Extra Trees Classifier Imported successfully
2023-11-04 21:32:40,405:INFO:Starting cross validation
2023-11-04 21:32:40,409:INFO:Cross validating with StratifiedKFold(n_splits=10, random_state=None, shuffle=False), n_jobs=-1
2023-11-04 21:37:23,028:INFO:Calculating mean and std
2023-11-04 21:37:23,055:INFO:Creating metrics dataframe
2023-11-04 21:37:23,091:INFO:Uploading results into container
2023-11-04 21:37:23,096:INFO:Uploading model into container now
2023-11-04 21:37:23,099:INFO:_master_model_container: 12
2023-11-04 21:37:23,100:INFO:_display_container: 2
2023-11-04 21:37:23,105:INFO:ExtraTreesClassifier(bootstrap=False, ccp_alpha=0.0, class_weight=None,
                     criterion='gini', max_depth=None, max_features='sqrt',
                     max_leaf_nodes=None, max_samples=None,
                     min_impurity_decrease=0.0, min_samples_leaf=1,
                     min_samples_split=2, min_weight_fraction_leaf=0.0,
                     n_estimators=100, n_jobs=-1, oob_score=False,
                     random_state=123, verbose=0, warm_start=False)
2023-11-04 21:37:23,105:INFO:create_model() successfully completed......................................
2023-11-04 21:37:24,000:INFO:SubProcess create_model() end ==================================
2023-11-04 21:37:24,001:INFO:Creating metrics dataframe
2023-11-04 21:37:24,027:INFO:Initializing Extreme Gradient Boosting
2023-11-04 21:37:24,028:INFO:Total runtime is 31.35942011276881 minutes
2023-11-04 21:37:24,032:INFO:SubProcess create_model() called ==================================
2023-11-04 21:37:24,033:INFO:Initializing create_model()
2023-11-04 21:37:24,033:INFO:create_model(self=<pycaret.classification.oop.ClassificationExperiment object at 0x7f99212817f0>, estimator=xgboost, fold=StratifiedKFold(n_splits=10, random_state=None, shuffle=False), round=4, cross_validation=True, predict=True, fit_kwargs={}, groups=None, refit=False, probability_threshold=None, experiment_custom_tags=None, verbose=False, system=False, add_to_model_list=True, metrics=None, display=<pycaret.internal.display.display.CommonDisplay object at 0x7f9914c345b0>, model_only=True, return_train_score=False, kwargs={})
2023-11-04 21:37:24,033:INFO:Checking exceptions
2023-11-04 21:37:24,033:INFO:Importing libraries
2023-11-04 21:37:24,034:INFO:Copying training dataset
2023-11-04 21:37:24,441:INFO:Defining folds
2023-11-04 21:37:24,441:INFO:Declaring metric variables
2023-11-04 21:37:24,446:INFO:Importing untrained model
2023-11-04 21:37:24,454:INFO:Extreme Gradient Boosting Imported successfully
2023-11-04 21:37:24,465:INFO:Starting cross validation
2023-11-04 21:37:24,471:INFO:Cross validating with StratifiedKFold(n_splits=10, random_state=None, shuffle=False), n_jobs=-1
2023-11-04 21:37:56,228:INFO:Calculating mean and std
2023-11-04 21:37:56,230:INFO:Creating metrics dataframe
2023-11-04 21:37:56,235:INFO:Uploading results into container
2023-11-04 21:37:56,235:INFO:Uploading model into container now
2023-11-04 21:37:56,236:INFO:_master_model_container: 13
2023-11-04 21:37:56,237:INFO:_display_container: 2
2023-11-04 21:37:56,237:INFO:XGBClassifier(base_score=None, booster='gbtree', callbacks=None,
              colsample_bylevel=None, colsample_bynode=None,
              colsample_bytree=None, device=None, early_stopping_rounds=None,
              enable_categorical=False, eval_metric=None, feature_types=None,
              gamma=None, grow_policy=None, importance_type=None,
              interaction_constraints=None, learning_rate=None, max_bin=None,
              max_cat_threshold=None, max_cat_to_onehot=None,
              max_delta_step=None, max_depth=None, max_leaves=None,
              min_child_weight=None, missing=nan, monotone_constraints=None,
              multi_strategy=None, n_estimators=None, n_jobs=-1,
              num_parallel_tree=None, objective='binary:logistic', ...)
2023-11-04 21:37:56,237:INFO:create_model() successfully completed......................................
2023-11-04 21:37:56,471:INFO:SubProcess create_model() end ==================================
2023-11-04 21:37:56,472:INFO:Creating metrics dataframe
2023-11-04 21:37:56,490:INFO:Initializing Light Gradient Boosting Machine
2023-11-04 21:37:56,490:INFO:Total runtime is 31.90046643416087 minutes
2023-11-04 21:37:56,494:INFO:SubProcess create_model() called ==================================
2023-11-04 21:37:56,495:INFO:Initializing create_model()
2023-11-04 21:37:56,495:INFO:create_model(self=<pycaret.classification.oop.ClassificationExperiment object at 0x7f99212817f0>, estimator=lightgbm, fold=StratifiedKFold(n_splits=10, random_state=None, shuffle=False), round=4, cross_validation=True, predict=True, fit_kwargs={}, groups=None, refit=False, probability_threshold=None, experiment_custom_tags=None, verbose=False, system=False, add_to_model_list=True, metrics=None, display=<pycaret.internal.display.display.CommonDisplay object at 0x7f9914c345b0>, model_only=True, return_train_score=False, kwargs={})
2023-11-04 21:37:56,495:INFO:Checking exceptions
2023-11-04 21:37:56,495:INFO:Importing libraries
2023-11-04 21:37:56,495:INFO:Copying training dataset
2023-11-04 21:37:56,723:INFO:Defining folds
2023-11-04 21:37:56,723:INFO:Declaring metric variables
2023-11-04 21:37:56,728:INFO:Importing untrained model
2023-11-04 21:37:56,732:INFO:Light Gradient Boosting Machine Imported successfully
2023-11-04 21:37:56,741:INFO:Starting cross validation
2023-11-04 21:37:56,743:INFO:Cross validating with StratifiedKFold(n_splits=10, random_state=None, shuffle=False), n_jobs=-1
2023-11-04 21:38:29,620:INFO:Calculating mean and std
2023-11-04 21:38:29,622:INFO:Creating metrics dataframe
2023-11-04 21:38:29,627:INFO:Uploading results into container
2023-11-04 21:38:29,628:INFO:Uploading model into container now
2023-11-04 21:38:29,628:INFO:_master_model_container: 14
2023-11-04 21:38:29,628:INFO:_display_container: 2
2023-11-04 21:38:29,629:INFO:LGBMClassifier(boosting_type='gbdt', class_weight=None, colsample_bytree=1.0,
               importance_type='split', learning_rate=0.1, max_depth=-1,
               min_child_samples=20, min_child_weight=0.001, min_split_gain=0.0,
               n_estimators=100, n_jobs=-1, num_leaves=31, objective=None,
               random_state=123, reg_alpha=0.0, reg_lambda=0.0, subsample=1.0,
               subsample_for_bin=200000, subsample_freq=0)
2023-11-04 21:38:29,629:INFO:create_model() successfully completed......................................
2023-11-04 21:38:29,877:INFO:SubProcess create_model() end ==================================
2023-11-04 21:38:29,877:INFO:Creating metrics dataframe
2023-11-04 21:38:29,898:INFO:Initializing Dummy Classifier
2023-11-04 21:38:29,899:INFO:Total runtime is 32.457271083196005 minutes
2023-11-04 21:38:29,904:INFO:SubProcess create_model() called ==================================
2023-11-04 21:38:29,904:INFO:Initializing create_model()
2023-11-04 21:38:29,904:INFO:create_model(self=<pycaret.classification.oop.ClassificationExperiment object at 0x7f99212817f0>, estimator=dummy, fold=StratifiedKFold(n_splits=10, random_state=None, shuffle=False), round=4, cross_validation=True, predict=True, fit_kwargs={}, groups=None, refit=False, probability_threshold=None, experiment_custom_tags=None, verbose=False, system=False, add_to_model_list=True, metrics=None, display=<pycaret.internal.display.display.CommonDisplay object at 0x7f9914c345b0>, model_only=True, return_train_score=False, kwargs={})
2023-11-04 21:38:29,904:INFO:Checking exceptions
2023-11-04 21:38:29,904:INFO:Importing libraries
2023-11-04 21:38:29,904:INFO:Copying training dataset
2023-11-04 21:38:30,133:INFO:Defining folds
2023-11-04 21:38:30,133:INFO:Declaring metric variables
2023-11-04 21:38:30,137:INFO:Importing untrained model
2023-11-04 21:38:30,142:INFO:Dummy Classifier Imported successfully
2023-11-04 21:38:30,154:INFO:Starting cross validation
2023-11-04 21:38:30,157:INFO:Cross validating with StratifiedKFold(n_splits=10, random_state=None, shuffle=False), n_jobs=-1
2023-11-04 21:38:41,774:WARNING:/Users/hitss/anaconda3/envs/python38pycaret/lib/python3.8/site-packages/sklearn/metrics/_classification.py:1344: UndefinedMetricWarning: Precision is ill-defined and being set to 0.0 due to no predicted samples. Use `zero_division` parameter to control this behavior.
  _warn_prf(average, modifier, msg_start, len(result))

2023-11-04 21:38:41,911:WARNING:/Users/hitss/anaconda3/envs/python38pycaret/lib/python3.8/site-packages/sklearn/metrics/_classification.py:1344: UndefinedMetricWarning: Precision is ill-defined and being set to 0.0 due to no predicted samples. Use `zero_division` parameter to control this behavior.
  _warn_prf(average, modifier, msg_start, len(result))

2023-11-04 21:38:42,182:WARNING:/Users/hitss/anaconda3/envs/python38pycaret/lib/python3.8/site-packages/sklearn/metrics/_classification.py:1344: UndefinedMetricWarning: Precision is ill-defined and being set to 0.0 due to no predicted samples. Use `zero_division` parameter to control this behavior.
  _warn_prf(average, modifier, msg_start, len(result))

2023-11-04 21:38:42,584:WARNING:/Users/hitss/anaconda3/envs/python38pycaret/lib/python3.8/site-packages/sklearn/metrics/_classification.py:1344: UndefinedMetricWarning: Precision is ill-defined and being set to 0.0 due to no predicted samples. Use `zero_division` parameter to control this behavior.
  _warn_prf(average, modifier, msg_start, len(result))

2023-11-04 21:38:42,717:WARNING:/Users/hitss/anaconda3/envs/python38pycaret/lib/python3.8/site-packages/sklearn/metrics/_classification.py:1344: UndefinedMetricWarning: Precision is ill-defined and being set to 0.0 due to no predicted samples. Use `zero_division` parameter to control this behavior.
  _warn_prf(average, modifier, msg_start, len(result))

2023-11-04 21:38:42,967:WARNING:/Users/hitss/anaconda3/envs/python38pycaret/lib/python3.8/site-packages/sklearn/metrics/_classification.py:1344: UndefinedMetricWarning: Precision is ill-defined and being set to 0.0 due to no predicted samples. Use `zero_division` parameter to control this behavior.
  _warn_prf(average, modifier, msg_start, len(result))

2023-11-04 21:38:43,123:WARNING:/Users/hitss/anaconda3/envs/python38pycaret/lib/python3.8/site-packages/sklearn/metrics/_classification.py:1344: UndefinedMetricWarning: Precision is ill-defined and being set to 0.0 due to no predicted samples. Use `zero_division` parameter to control this behavior.
  _warn_prf(average, modifier, msg_start, len(result))

2023-11-04 21:38:43,129:WARNING:/Users/hitss/anaconda3/envs/python38pycaret/lib/python3.8/site-packages/sklearn/metrics/_classification.py:1344: UndefinedMetricWarning: Precision is ill-defined and being set to 0.0 due to no predicted samples. Use `zero_division` parameter to control this behavior.
  _warn_prf(average, modifier, msg_start, len(result))

2023-11-04 21:38:43,137:WARNING:/Users/hitss/anaconda3/envs/python38pycaret/lib/python3.8/site-packages/sklearn/metrics/_classification.py:1344: UndefinedMetricWarning: Precision is ill-defined and being set to 0.0 due to no predicted samples. Use `zero_division` parameter to control this behavior.
  _warn_prf(average, modifier, msg_start, len(result))

2023-11-04 21:38:43,172:WARNING:/Users/hitss/anaconda3/envs/python38pycaret/lib/python3.8/site-packages/sklearn/metrics/_classification.py:1344: UndefinedMetricWarning: Precision is ill-defined and being set to 0.0 due to no predicted samples. Use `zero_division` parameter to control this behavior.
  _warn_prf(average, modifier, msg_start, len(result))

2023-11-04 21:38:43,331:INFO:Calculating mean and std
2023-11-04 21:38:43,332:INFO:Creating metrics dataframe
2023-11-04 21:38:43,336:INFO:Uploading results into container
2023-11-04 21:38:43,337:INFO:Uploading model into container now
2023-11-04 21:38:43,338:INFO:_master_model_container: 15
2023-11-04 21:38:43,338:INFO:_display_container: 2
2023-11-04 21:38:43,338:INFO:DummyClassifier(constant=None, random_state=123, strategy='prior')
2023-11-04 21:38:43,338:INFO:create_model() successfully completed......................................
2023-11-04 21:38:43,614:INFO:SubProcess create_model() end ==================================
2023-11-04 21:38:43,614:INFO:Creating metrics dataframe
2023-11-04 21:38:43,651:INFO:Initializing create_model()
2023-11-04 21:38:43,651:INFO:create_model(self=<pycaret.classification.oop.ClassificationExperiment object at 0x7f99212817f0>, estimator=LGBMClassifier(boosting_type='gbdt', class_weight=None, colsample_bytree=1.0,
               importance_type='split', learning_rate=0.1, max_depth=-1,
               min_child_samples=20, min_child_weight=0.001, min_split_gain=0.0,
               n_estimators=100, n_jobs=-1, num_leaves=31, objective=None,
               random_state=123, reg_alpha=0.0, reg_lambda=0.0, subsample=1.0,
               subsample_for_bin=200000, subsample_freq=0), fold=StratifiedKFold(n_splits=10, random_state=None, shuffle=False), round=4, cross_validation=False, predict=False, fit_kwargs={}, groups=None, refit=True, probability_threshold=None, experiment_custom_tags=None, verbose=False, system=False, add_to_model_list=True, metrics=None, display=None, model_only=True, return_train_score=False, kwargs={})
2023-11-04 21:38:43,651:INFO:Checking exceptions
2023-11-04 21:38:43,657:INFO:Importing libraries
2023-11-04 21:38:43,658:INFO:Copying training dataset
2023-11-04 21:38:43,894:INFO:Defining folds
2023-11-04 21:38:43,894:INFO:Declaring metric variables
2023-11-04 21:38:43,895:INFO:Importing untrained model
2023-11-04 21:38:43,895:INFO:Declaring custom model
2023-11-04 21:38:43,895:INFO:Light Gradient Boosting Machine Imported successfully
2023-11-04 21:38:43,897:INFO:Cross validation set to False
2023-11-04 21:38:43,897:INFO:Fitting Model
2023-11-04 21:38:49,027:INFO:[LightGBM] [Warning] Found whitespace in feature_names, replace with underlines
2023-11-04 21:38:49,035:INFO:[LightGBM] [Info] Number of positive: 41050, number of negative: 483950
2023-11-04 21:38:49,108:INFO:[LightGBM] [Info] Auto-choosing row-wise multi-threading, the overhead of testing was 0.023999 seconds.
2023-11-04 21:38:49,108:INFO:You can set `force_row_wise=true` to remove the overhead.
2023-11-04 21:38:49,108:INFO:And if memory is not enough, you can set `force_col_wise=true`.
2023-11-04 21:38:49,108:INFO:[LightGBM] [Info] Total Bins 895
2023-11-04 21:38:49,109:INFO:[LightGBM] [Info] Number of data points in the train set: 525000, number of used features: 32
2023-11-04 21:38:49,113:INFO:[LightGBM] [Info] [binary:BoostFromScore]: pavg=0.078190 -> initscore=-2.467191
2023-11-04 21:38:49,113:INFO:[LightGBM] [Info] Start training from score -2.467191
2023-11-04 21:38:50,410:INFO:LGBMClassifier(boosting_type='gbdt', class_weight=None, colsample_bytree=1.0,
               importance_type='split', learning_rate=0.1, max_depth=-1,
               min_child_samples=20, min_child_weight=0.001, min_split_gain=0.0,
               n_estimators=100, n_jobs=-1, num_leaves=31, objective=None,
               random_state=123, reg_alpha=0.0, reg_lambda=0.0, subsample=1.0,
               subsample_for_bin=200000, subsample_freq=0)
2023-11-04 21:38:50,410:INFO:create_model() successfully completed......................................
2023-11-04 21:38:50,703:INFO:_master_model_container: 15
2023-11-04 21:38:50,704:INFO:_display_container: 2
2023-11-04 21:38:50,704:INFO:LGBMClassifier(boosting_type='gbdt', class_weight=None, colsample_bytree=1.0,
               importance_type='split', learning_rate=0.1, max_depth=-1,
               min_child_samples=20, min_child_weight=0.001, min_split_gain=0.0,
               n_estimators=100, n_jobs=-1, num_leaves=31, objective=None,
               random_state=123, reg_alpha=0.0, reg_lambda=0.0, subsample=1.0,
               subsample_for_bin=200000, subsample_freq=0)
2023-11-04 21:38:50,704:INFO:compare_models() successfully completed......................................
2023-11-04 21:39:52,182:INFO:Initializing create_model()
2023-11-04 21:39:52,182:INFO:create_model(self=<pycaret.classification.oop.ClassificationExperiment object at 0x7f99212817f0>, estimator=lightgbm, fold=None, round=4, cross_validation=True, predict=True, fit_kwargs=None, groups=None, refit=True, probability_threshold=None, experiment_custom_tags=None, verbose=True, system=True, add_to_model_list=True, metrics=None, display=None, model_only=True, return_train_score=False, kwargs={})
2023-11-04 21:39:52,183:INFO:Checking exceptions
2023-11-04 21:39:52,200:INFO:Importing libraries
2023-11-04 21:39:52,200:INFO:Copying training dataset
2023-11-04 21:39:52,481:INFO:Defining folds
2023-11-04 21:39:52,481:INFO:Declaring metric variables
2023-11-04 21:39:52,485:INFO:Importing untrained model
2023-11-04 21:39:52,489:INFO:Light Gradient Boosting Machine Imported successfully
2023-11-04 21:39:52,498:INFO:Starting cross validation
2023-11-04 21:39:52,500:INFO:Cross validating with StratifiedKFold(n_splits=10, random_state=None, shuffle=False), n_jobs=-1
2023-11-04 21:40:27,796:INFO:Calculating mean and std
2023-11-04 21:40:27,798:INFO:Creating metrics dataframe
2023-11-04 21:40:27,805:INFO:Finalizing model
2023-11-04 21:40:33,149:INFO:[LightGBM] [Warning] Found whitespace in feature_names, replace with underlines
2023-11-04 21:40:33,156:INFO:[LightGBM] [Info] Number of positive: 41050, number of negative: 483950
2023-11-04 21:40:33,226:INFO:[LightGBM] [Info] Auto-choosing row-wise multi-threading, the overhead of testing was 0.021355 seconds.
2023-11-04 21:40:33,227:INFO:You can set `force_row_wise=true` to remove the overhead.
2023-11-04 21:40:33,227:INFO:And if memory is not enough, you can set `force_col_wise=true`.
2023-11-04 21:40:33,227:INFO:[LightGBM] [Info] Total Bins 895
2023-11-04 21:40:33,227:INFO:[LightGBM] [Info] Number of data points in the train set: 525000, number of used features: 32
2023-11-04 21:40:33,232:INFO:[LightGBM] [Info] [binary:BoostFromScore]: pavg=0.078190 -> initscore=-2.467191
2023-11-04 21:40:33,232:INFO:[LightGBM] [Info] Start training from score -2.467191
2023-11-04 21:40:35,101:INFO:Uploading results into container
2023-11-04 21:40:35,102:INFO:Uploading model into container now
2023-11-04 21:40:35,121:INFO:_master_model_container: 16
2023-11-04 21:40:35,121:INFO:_display_container: 3
2023-11-04 21:40:35,123:INFO:LGBMClassifier(boosting_type='gbdt', class_weight=None, colsample_bytree=1.0,
               importance_type='split', learning_rate=0.1, max_depth=-1,
               min_child_samples=20, min_child_weight=0.001, min_split_gain=0.0,
               n_estimators=100, n_jobs=-1, num_leaves=31, objective=None,
               random_state=123, reg_alpha=0.0, reg_lambda=0.0, subsample=1.0,
               subsample_for_bin=200000, subsample_freq=0)
2023-11-04 21:40:35,123:INFO:create_model() successfully completed......................................
2023-11-04 21:41:07,772:INFO:Initializing tune_model()
2023-11-04 21:41:07,772:INFO:tune_model(estimator=LGBMClassifier(boosting_type='gbdt', class_weight=None, colsample_bytree=1.0,
               importance_type='split', learning_rate=0.1, max_depth=-1,
               min_child_samples=20, min_child_weight=0.001, min_split_gain=0.0,
               n_estimators=100, n_jobs=-1, num_leaves=31, objective=None,
               random_state=123, reg_alpha=0.0, reg_lambda=0.0, subsample=1.0,
               subsample_for_bin=200000, subsample_freq=0), fold=None, round=4, n_iter=10, custom_grid=None, optimize=Accuracy, custom_scorer=None, search_library=scikit-learn, search_algorithm=None, early_stopping=False, early_stopping_max_iters=10, choose_better=True, fit_kwargs=None, groups=None, return_tuner=False, verbose=True, tuner_verbose=True, return_train_score=False, kwargs={}, self=<pycaret.classification.oop.ClassificationExperiment object at 0x7f99212817f0>)
2023-11-04 21:41:07,772:INFO:Checking exceptions
2023-11-04 21:41:07,875:INFO:Copying training dataset
2023-11-04 21:41:08,078:INFO:Checking base model
2023-11-04 21:41:08,078:INFO:Base model : Light Gradient Boosting Machine
2023-11-04 21:41:08,083:INFO:Declaring metric variables
2023-11-04 21:41:08,087:INFO:Defining Hyperparameters
2023-11-04 21:41:08,317:INFO:Tuning with n_jobs=-1
2023-11-04 21:41:08,331:INFO:Initializing RandomizedSearchCV
2023-11-04 21:50:37,707:INFO:best_params: {'actual_estimator__reg_lambda': 0.1, 'actual_estimator__reg_alpha': 0.0001, 'actual_estimator__num_leaves': 10, 'actual_estimator__n_estimators': 180, 'actual_estimator__min_split_gain': 0.7, 'actual_estimator__min_child_samples': 96, 'actual_estimator__learning_rate': 0.05, 'actual_estimator__feature_fraction': 0.9, 'actual_estimator__bagging_freq': 4, 'actual_estimator__bagging_fraction': 0.6}
2023-11-04 21:50:37,710:INFO:Hyperparameter search completed
2023-11-04 21:50:37,710:INFO:SubProcess create_model() called ==================================
2023-11-04 21:50:37,711:INFO:Initializing create_model()
2023-11-04 21:50:37,711:INFO:create_model(self=<pycaret.classification.oop.ClassificationExperiment object at 0x7f99212817f0>, estimator=LGBMClassifier(boosting_type='gbdt', class_weight=None, colsample_bytree=1.0,
               importance_type='split', learning_rate=0.1, max_depth=-1,
               min_child_samples=20, min_child_weight=0.001, min_split_gain=0.0,
               n_estimators=100, n_jobs=-1, num_leaves=31, objective=None,
               random_state=123, reg_alpha=0.0, reg_lambda=0.0, subsample=1.0,
               subsample_for_bin=200000, subsample_freq=0), fold=StratifiedKFold(n_splits=10, random_state=None, shuffle=False), round=4, cross_validation=True, predict=True, fit_kwargs={}, groups=None, refit=True, probability_threshold=None, experiment_custom_tags=None, verbose=True, system=False, add_to_model_list=True, metrics=None, display=<pycaret.internal.display.display.CommonDisplay object at 0x7f9914c02c10>, model_only=True, return_train_score=False, kwargs={'reg_lambda': 0.1, 'reg_alpha': 0.0001, 'num_leaves': 10, 'n_estimators': 180, 'min_split_gain': 0.7, 'min_child_samples': 96, 'learning_rate': 0.05, 'feature_fraction': 0.9, 'bagging_freq': 4, 'bagging_fraction': 0.6})
2023-11-04 21:50:37,712:INFO:Checking exceptions
2023-11-04 21:50:37,712:INFO:Importing libraries
2023-11-04 21:50:37,712:INFO:Copying training dataset
2023-11-04 21:50:38,008:INFO:Defining folds
2023-11-04 21:50:38,008:INFO:Declaring metric variables
2023-11-04 21:50:38,013:INFO:Importing untrained model
2023-11-04 21:50:38,013:INFO:Declaring custom model
2023-11-04 21:50:38,019:INFO:Light Gradient Boosting Machine Imported successfully
2023-11-04 21:50:38,029:INFO:Starting cross validation
2023-11-04 21:50:38,032:INFO:Cross validating with StratifiedKFold(n_splits=10, random_state=None, shuffle=False), n_jobs=-1
2023-11-04 21:51:20,267:INFO:Calculating mean and std
2023-11-04 21:51:20,269:INFO:Creating metrics dataframe
2023-11-04 21:51:20,277:INFO:Finalizing model
2023-11-04 21:51:26,442:INFO:[LightGBM] [Warning] bagging_freq is set=4, subsample_freq=0 will be ignored. Current value: bagging_freq=4
2023-11-04 21:51:26,442:INFO:[LightGBM] [Warning] feature_fraction is set=0.9, colsample_bytree=1.0 will be ignored. Current value: feature_fraction=0.9
2023-11-04 21:51:26,442:INFO:[LightGBM] [Warning] bagging_fraction is set=0.6, subsample=1.0 will be ignored. Current value: bagging_fraction=0.6
2023-11-04 21:51:26,779:INFO:[LightGBM] [Warning] Found whitespace in feature_names, replace with underlines
2023-11-04 21:51:26,791:INFO:[LightGBM] [Warning] bagging_freq is set=4, subsample_freq=0 will be ignored. Current value: bagging_freq=4
2023-11-04 21:51:26,791:INFO:[LightGBM] [Warning] feature_fraction is set=0.9, colsample_bytree=1.0 will be ignored. Current value: feature_fraction=0.9
2023-11-04 21:51:26,791:INFO:[LightGBM] [Warning] bagging_fraction is set=0.6, subsample=1.0 will be ignored. Current value: bagging_fraction=0.6
2023-11-04 21:51:26,792:INFO:[LightGBM] [Info] Number of positive: 41050, number of negative: 483950
2023-11-04 21:51:26,881:INFO:[LightGBM] [Info] Auto-choosing row-wise multi-threading, the overhead of testing was 0.032499 seconds.
2023-11-04 21:51:26,881:INFO:You can set `force_row_wise=true` to remove the overhead.
2023-11-04 21:51:26,881:INFO:And if memory is not enough, you can set `force_col_wise=true`.
2023-11-04 21:51:26,882:INFO:[LightGBM] [Info] Total Bins 895
2023-11-04 21:51:26,882:INFO:[LightGBM] [Info] Number of data points in the train set: 525000, number of used features: 32
2023-11-04 21:51:26,895:INFO:[LightGBM] [Info] [binary:BoostFromScore]: pavg=0.078190 -> initscore=-2.467191
2023-11-04 21:51:26,896:INFO:[LightGBM] [Info] Start training from score -2.467191
2023-11-04 21:51:29,312:INFO:Uploading results into container
2023-11-04 21:51:29,313:INFO:Uploading model into container now
2023-11-04 21:51:29,314:INFO:_master_model_container: 17
2023-11-04 21:51:29,314:INFO:_display_container: 4
2023-11-04 21:51:29,315:INFO:LGBMClassifier(bagging_fraction=0.6, bagging_freq=4, boosting_type='gbdt',
               class_weight=None, colsample_bytree=1.0, feature_fraction=0.9,
               importance_type='split', learning_rate=0.05, max_depth=-1,
               min_child_samples=96, min_child_weight=0.001, min_split_gain=0.7,
               n_estimators=180, n_jobs=-1, num_leaves=10, objective=None,
               random_state=123, reg_alpha=0.0001, reg_lambda=0.1,
               subsample=1.0, subsample_for_bin=200000, subsample_freq=0)
2023-11-04 21:51:29,315:INFO:create_model() successfully completed......................................
2023-11-04 21:51:29,617:INFO:SubProcess create_model() end ==================================
2023-11-04 21:51:29,618:INFO:choose_better activated
2023-11-04 21:51:29,622:INFO:SubProcess create_model() called ==================================
2023-11-04 21:51:29,623:INFO:Initializing create_model()
2023-11-04 21:51:29,623:INFO:create_model(self=<pycaret.classification.oop.ClassificationExperiment object at 0x7f99212817f0>, estimator=LGBMClassifier(boosting_type='gbdt', class_weight=None, colsample_bytree=1.0,
               importance_type='split', learning_rate=0.1, max_depth=-1,
               min_child_samples=20, min_child_weight=0.001, min_split_gain=0.0,
               n_estimators=100, n_jobs=-1, num_leaves=31, objective=None,
               random_state=123, reg_alpha=0.0, reg_lambda=0.0, subsample=1.0,
               subsample_for_bin=200000, subsample_freq=0), fold=StratifiedKFold(n_splits=10, random_state=None, shuffle=False), round=4, cross_validation=True, predict=True, fit_kwargs={}, groups=None, refit=True, probability_threshold=None, experiment_custom_tags=None, verbose=False, system=False, add_to_model_list=True, metrics=None, display=None, model_only=True, return_train_score=False, kwargs={})
2023-11-04 21:51:29,623:INFO:Checking exceptions
2023-11-04 21:51:29,625:INFO:Importing libraries
2023-11-04 21:51:29,625:INFO:Copying training dataset
2023-11-04 21:51:29,874:INFO:Defining folds
2023-11-04 21:51:29,874:INFO:Declaring metric variables
2023-11-04 21:51:29,874:INFO:Importing untrained model
2023-11-04 21:51:29,874:INFO:Declaring custom model
2023-11-04 21:51:29,875:INFO:Light Gradient Boosting Machine Imported successfully
2023-11-04 21:51:29,876:INFO:Starting cross validation
2023-11-04 21:51:29,878:INFO:Cross validating with StratifiedKFold(n_splits=10, random_state=None, shuffle=False), n_jobs=-1
2023-11-04 21:52:08,136:INFO:Calculating mean and std
2023-11-04 21:52:08,137:INFO:Creating metrics dataframe
2023-11-04 21:52:08,140:INFO:Finalizing model
2023-11-04 21:52:14,016:INFO:[LightGBM] [Warning] Found whitespace in feature_names, replace with underlines
2023-11-04 21:52:14,025:INFO:[LightGBM] [Info] Number of positive: 41050, number of negative: 483950
2023-11-04 21:52:14,111:INFO:[LightGBM] [Info] Auto-choosing row-wise multi-threading, the overhead of testing was 0.024621 seconds.
2023-11-04 21:52:14,112:INFO:You can set `force_row_wise=true` to remove the overhead.
2023-11-04 21:52:14,112:INFO:And if memory is not enough, you can set `force_col_wise=true`.
2023-11-04 21:52:14,112:INFO:[LightGBM] [Info] Total Bins 895
2023-11-04 21:52:14,112:INFO:[LightGBM] [Info] Number of data points in the train set: 525000, number of used features: 32
2023-11-04 21:52:14,118:INFO:[LightGBM] [Info] [binary:BoostFromScore]: pavg=0.078190 -> initscore=-2.467191
2023-11-04 21:52:14,118:INFO:[LightGBM] [Info] Start training from score -2.467191
2023-11-04 21:52:15,388:INFO:Uploading results into container
2023-11-04 21:52:15,388:INFO:Uploading model into container now
2023-11-04 21:52:15,389:INFO:_master_model_container: 18
2023-11-04 21:52:15,389:INFO:_display_container: 5
2023-11-04 21:52:15,390:INFO:LGBMClassifier(boosting_type='gbdt', class_weight=None, colsample_bytree=1.0,
               importance_type='split', learning_rate=0.1, max_depth=-1,
               min_child_samples=20, min_child_weight=0.001, min_split_gain=0.0,
               n_estimators=100, n_jobs=-1, num_leaves=31, objective=None,
               random_state=123, reg_alpha=0.0, reg_lambda=0.0, subsample=1.0,
               subsample_for_bin=200000, subsample_freq=0)
2023-11-04 21:52:15,390:INFO:create_model() successfully completed......................................
2023-11-04 21:52:15,655:INFO:SubProcess create_model() end ==================================
2023-11-04 21:52:15,655:INFO:LGBMClassifier(boosting_type='gbdt', class_weight=None, colsample_bytree=1.0,
               importance_type='split', learning_rate=0.1, max_depth=-1,
               min_child_samples=20, min_child_weight=0.001, min_split_gain=0.0,
               n_estimators=100, n_jobs=-1, num_leaves=31, objective=None,
               random_state=123, reg_alpha=0.0, reg_lambda=0.0, subsample=1.0,
               subsample_for_bin=200000, subsample_freq=0) result for Accuracy is 0.9222
2023-11-04 21:52:15,656:INFO:LGBMClassifier(bagging_fraction=0.6, bagging_freq=4, boosting_type='gbdt',
               class_weight=None, colsample_bytree=1.0, feature_fraction=0.9,
               importance_type='split', learning_rate=0.05, max_depth=-1,
               min_child_samples=96, min_child_weight=0.001, min_split_gain=0.7,
               n_estimators=180, n_jobs=-1, num_leaves=10, objective=None,
               random_state=123, reg_alpha=0.0001, reg_lambda=0.1,
               subsample=1.0, subsample_for_bin=200000, subsample_freq=0) result for Accuracy is 0.9222
2023-11-04 21:52:15,657:INFO:LGBMClassifier(boosting_type='gbdt', class_weight=None, colsample_bytree=1.0,
               importance_type='split', learning_rate=0.1, max_depth=-1,
               min_child_samples=20, min_child_weight=0.001, min_split_gain=0.0,
               n_estimators=100, n_jobs=-1, num_leaves=31, objective=None,
               random_state=123, reg_alpha=0.0, reg_lambda=0.0, subsample=1.0,
               subsample_for_bin=200000, subsample_freq=0) is best model
2023-11-04 21:52:15,657:INFO:choose_better completed
2023-11-04 21:52:15,657:INFO:Original model was better than the tuned model, hence it will be returned. NOTE: The display metrics are for the tuned model (not the original one).
2023-11-04 21:52:15,671:INFO:_master_model_container: 18
2023-11-04 21:52:15,671:INFO:_display_container: 4
2023-11-04 21:52:15,672:INFO:LGBMClassifier(boosting_type='gbdt', class_weight=None, colsample_bytree=1.0,
               importance_type='split', learning_rate=0.1, max_depth=-1,
               min_child_samples=20, min_child_weight=0.001, min_split_gain=0.0,
               n_estimators=100, n_jobs=-1, num_leaves=31, objective=None,
               random_state=123, reg_alpha=0.0, reg_lambda=0.0, subsample=1.0,
               subsample_for_bin=200000, subsample_freq=0)
2023-11-04 21:52:15,672:INFO:tune_model() successfully completed......................................
2023-11-04 21:55:09,272:INFO:Initializing evaluate_model()
2023-11-04 21:55:09,273:INFO:evaluate_model(self=<pycaret.classification.oop.ClassificationExperiment object at 0x7f99212817f0>, estimator=LGBMClassifier(boosting_type='gbdt', class_weight=None, colsample_bytree=1.0,
               importance_type='split', learning_rate=0.1, max_depth=-1,
               min_child_samples=20, min_child_weight=0.001, min_split_gain=0.0,
               n_estimators=100, n_jobs=-1, num_leaves=31, objective=None,
               random_state=123, reg_alpha=0.0, reg_lambda=0.0, subsample=1.0,
               subsample_for_bin=200000, subsample_freq=0), fold=None, fit_kwargs=None, plot_kwargs=None, feature_name=None, groups=None)
2023-11-04 21:55:09,380:INFO:Initializing plot_model()
2023-11-04 21:55:09,381:INFO:plot_model(plot=pipeline, fold=StratifiedKFold(n_splits=10, random_state=None, shuffle=False), verbose=False, display=None, display_format=None, estimator=LGBMClassifier(boosting_type='gbdt', class_weight=None, colsample_bytree=1.0,
               importance_type='split', learning_rate=0.1, max_depth=-1,
               min_child_samples=20, min_child_weight=0.001, min_split_gain=0.0,
               n_estimators=100, n_jobs=-1, num_leaves=31, objective=None,
               random_state=123, reg_alpha=0.0, reg_lambda=0.0, subsample=1.0,
               subsample_for_bin=200000, subsample_freq=0), feature_name=None, fit_kwargs={}, groups=None, label=False, plot_kwargs=None, save=False, scale=1, self=<pycaret.classification.oop.ClassificationExperiment object at 0x7f99212817f0>, system=True)
2023-11-04 21:55:09,381:INFO:Checking exceptions
2023-11-04 21:55:09,475:INFO:Preloading libraries
2023-11-04 21:55:09,480:INFO:Copying training dataset
2023-11-04 21:55:09,481:INFO:Plot type: pipeline
2023-11-04 21:55:09,825:INFO:Visual Rendered Successfully
2023-11-04 21:55:10,068:INFO:plot_model() successfully completed......................................
2023-11-04 21:55:16,320:INFO:Initializing plot_model()
2023-11-04 21:55:16,320:INFO:plot_model(plot=parameter, fold=StratifiedKFold(n_splits=10, random_state=None, shuffle=False), verbose=False, display=None, display_format=None, estimator=LGBMClassifier(boosting_type='gbdt', class_weight=None, colsample_bytree=1.0,
               importance_type='split', learning_rate=0.1, max_depth=-1,
               min_child_samples=20, min_child_weight=0.001, min_split_gain=0.0,
               n_estimators=100, n_jobs=-1, num_leaves=31, objective=None,
               random_state=123, reg_alpha=0.0, reg_lambda=0.0, subsample=1.0,
               subsample_for_bin=200000, subsample_freq=0), feature_name=None, fit_kwargs={}, groups=None, label=False, plot_kwargs=None, save=False, scale=1, self=<pycaret.classification.oop.ClassificationExperiment object at 0x7f99212817f0>, system=True)
2023-11-04 21:55:16,321:INFO:Checking exceptions
2023-11-04 21:55:16,416:INFO:Preloading libraries
2023-11-04 21:55:16,423:INFO:Copying training dataset
2023-11-04 21:55:16,423:INFO:Plot type: parameter
2023-11-04 21:55:16,430:INFO:Visual Rendered Successfully
2023-11-04 21:55:16,714:INFO:plot_model() successfully completed......................................
2023-11-04 21:55:17,696:INFO:Initializing plot_model()
2023-11-04 21:55:17,696:INFO:plot_model(plot=pipeline, fold=StratifiedKFold(n_splits=10, random_state=None, shuffle=False), verbose=False, display=None, display_format=None, estimator=LGBMClassifier(boosting_type='gbdt', class_weight=None, colsample_bytree=1.0,
               importance_type='split', learning_rate=0.1, max_depth=-1,
               min_child_samples=20, min_child_weight=0.001, min_split_gain=0.0,
               n_estimators=100, n_jobs=-1, num_leaves=31, objective=None,
               random_state=123, reg_alpha=0.0, reg_lambda=0.0, subsample=1.0,
               subsample_for_bin=200000, subsample_freq=0), feature_name=None, fit_kwargs={}, groups=None, label=False, plot_kwargs=None, save=False, scale=1, self=<pycaret.classification.oop.ClassificationExperiment object at 0x7f99212817f0>, system=True)
2023-11-04 21:55:17,696:INFO:Checking exceptions
2023-11-04 21:55:17,791:INFO:Preloading libraries
2023-11-04 21:55:17,796:INFO:Copying training dataset
2023-11-04 21:55:17,796:INFO:Plot type: pipeline
2023-11-04 21:55:18,094:INFO:Visual Rendered Successfully
2023-11-04 21:55:18,317:INFO:plot_model() successfully completed......................................
2023-11-04 21:55:47,977:INFO:Initializing plot_model()
2023-11-04 21:55:47,977:INFO:plot_model(plot=auc, fold=None, verbose=True, display=None, display_format=None, estimator=LGBMClassifier(boosting_type='gbdt', class_weight=None, colsample_bytree=1.0,
               importance_type='split', learning_rate=0.1, max_depth=-1,
               min_child_samples=20, min_child_weight=0.001, min_split_gain=0.0,
               n_estimators=100, n_jobs=-1, num_leaves=31, objective=None,
               random_state=123, reg_alpha=0.0, reg_lambda=0.0, subsample=1.0,
               subsample_for_bin=200000, subsample_freq=0), feature_name=None, fit_kwargs=None, groups=None, label=False, plot_kwargs=None, save=False, scale=1, self=<pycaret.classification.oop.ClassificationExperiment object at 0x7f99212817f0>, system=True)
2023-11-04 21:55:47,977:INFO:Checking exceptions
2023-11-04 21:55:48,073:INFO:Preloading libraries
2023-11-04 21:55:48,080:INFO:Copying training dataset
2023-11-04 21:55:48,080:INFO:Plot type: auc
2023-11-04 21:55:49,452:INFO:Fitting Model
2023-11-04 21:55:49,469:INFO:Scoring test/hold-out set
2023-11-04 21:55:50,532:INFO:Visual Rendered Successfully
2023-11-04 21:55:50,815:INFO:plot_model() successfully completed......................................
2023-11-04 21:55:50,816:INFO:Initializing plot_model()
2023-11-04 21:55:50,816:INFO:plot_model(plot=confusion_matrix, fold=None, verbose=True, display=None, display_format=None, estimator=LGBMClassifier(boosting_type='gbdt', class_weight=None, colsample_bytree=1.0,
               importance_type='split', learning_rate=0.1, max_depth=-1,
               min_child_samples=20, min_child_weight=0.001, min_split_gain=0.0,
               n_estimators=100, n_jobs=-1, num_leaves=31, objective=None,
               random_state=123, reg_alpha=0.0, reg_lambda=0.0, subsample=1.0,
               subsample_for_bin=200000, subsample_freq=0), feature_name=None, fit_kwargs=None, groups=None, label=False, plot_kwargs=None, save=False, scale=1, self=<pycaret.classification.oop.ClassificationExperiment object at 0x7f99212817f0>, system=True)
2023-11-04 21:55:50,817:INFO:Checking exceptions
2023-11-04 21:55:50,919:INFO:Preloading libraries
2023-11-04 21:55:50,926:INFO:Copying training dataset
2023-11-04 21:55:50,926:INFO:Plot type: confusion_matrix
2023-11-04 21:55:52,285:INFO:Fitting Model
2023-11-04 21:55:52,293:INFO:Scoring test/hold-out set
2023-11-04 21:55:53,024:INFO:Visual Rendered Successfully
2023-11-04 21:55:53,287:INFO:plot_model() successfully completed......................................
2023-11-04 21:56:49,028:INFO:Initializing finalize_model()
2023-11-04 21:56:49,041:INFO:finalize_model(self=<pycaret.classification.oop.ClassificationExperiment object at 0x7f99212817f0>, estimator=LGBMClassifier(boosting_type='gbdt', class_weight=None, colsample_bytree=1.0,
               importance_type='split', learning_rate=0.1, max_depth=-1,
               min_child_samples=20, min_child_weight=0.001, min_split_gain=0.0,
               n_estimators=100, n_jobs=-1, num_leaves=31, objective=None,
               random_state=123, reg_alpha=0.0, reg_lambda=0.0, subsample=1.0,
               subsample_for_bin=200000, subsample_freq=0), fit_kwargs=None, groups=None, model_only=False, experiment_custom_tags=None)
2023-11-04 21:56:49,042:INFO:Finalizing LGBMClassifier(boosting_type='gbdt', class_weight=None, colsample_bytree=1.0,
               importance_type='split', learning_rate=0.1, max_depth=-1,
               min_child_samples=20, min_child_weight=0.001, min_split_gain=0.0,
               n_estimators=100, n_jobs=-1, num_leaves=31, objective=None,
               random_state=123, reg_alpha=0.0, reg_lambda=0.0, subsample=1.0,
               subsample_for_bin=200000, subsample_freq=0)
2023-11-04 21:56:49,107:INFO:Initializing create_model()
2023-11-04 21:56:49,108:INFO:create_model(self=<pycaret.classification.oop.ClassificationExperiment object at 0x7f99212817f0>, estimator=LGBMClassifier(boosting_type='gbdt', class_weight=None, colsample_bytree=1.0,
               importance_type='split', learning_rate=0.1, max_depth=-1,
               min_child_samples=20, min_child_weight=0.001, min_split_gain=0.0,
               n_estimators=100, n_jobs=-1, num_leaves=31, objective=None,
               random_state=123, reg_alpha=0.0, reg_lambda=0.0, subsample=1.0,
               subsample_for_bin=200000, subsample_freq=0), fold=None, round=4, cross_validation=False, predict=False, fit_kwargs={}, groups=None, refit=True, probability_threshold=None, experiment_custom_tags=None, verbose=False, system=False, add_to_model_list=False, metrics=None, display=None, model_only=False, return_train_score=False, kwargs={})
2023-11-04 21:56:49,108:INFO:Checking exceptions
2023-11-04 21:56:49,109:INFO:Importing libraries
2023-11-04 21:56:49,110:INFO:Copying training dataset
2023-11-04 21:56:49,117:INFO:Defining folds
2023-11-04 21:56:49,117:INFO:Declaring metric variables
2023-11-04 21:56:49,118:INFO:Importing untrained model
2023-11-04 21:56:49,118:INFO:Declaring custom model
2023-11-04 21:56:49,119:INFO:Light Gradient Boosting Machine Imported successfully
2023-11-04 21:56:49,121:INFO:Cross validation set to False
2023-11-04 21:56:49,121:INFO:Fitting Model
2023-11-04 21:56:57,028:INFO:[LightGBM] [Warning] Found whitespace in feature_names, replace with underlines
2023-11-04 21:56:57,038:INFO:[LightGBM] [Info] Number of positive: 58643, number of negative: 691357
2023-11-04 21:56:57,144:INFO:[LightGBM] [Info] Auto-choosing row-wise multi-threading, the overhead of testing was 0.025511 seconds.
2023-11-04 21:56:57,145:INFO:You can set `force_row_wise=true` to remove the overhead.
2023-11-04 21:56:57,145:INFO:And if memory is not enough, you can set `force_col_wise=true`.
2023-11-04 21:56:57,145:INFO:[LightGBM] [Info] Total Bins 895
2023-11-04 21:56:57,145:INFO:[LightGBM] [Info] Number of data points in the train set: 750000, number of used features: 32
2023-11-04 21:56:57,152:INFO:[LightGBM] [Info] [binary:BoostFromScore]: pavg=0.078191 -> initscore=-2.467188
2023-11-04 21:56:57,153:INFO:[LightGBM] [Info] Start training from score -2.467188
2023-11-04 21:56:59,526:INFO:Pipeline(memory=Memory(location=None),
         steps=[('date_feature_extractor',
                 TransformerWrapper(exclude=None, include=['data_ref'],
                                    transformer=ExtractDateTimeFeatures(features=['day',
                                                                                  'month',
                                                                                  'year']))),
                ('numerical_imputer',
                 TransformerWrapper(exclude=None,
                                    include=['index', 'qtd_filhos', 'idade',
                                             'tempo_emprego',
                                             'qt_pessoas_residencia', 'renda'],
                                    transformer=Sim...
                 LGBMClassifier(boosting_type='gbdt', class_weight=None,
                                colsample_bytree=1.0, importance_type='split',
                                learning_rate=0.1, max_depth=-1,
                                min_child_samples=20, min_child_weight=0.001,
                                min_split_gain=0.0, n_estimators=100, n_jobs=-1,
                                num_leaves=31, objective=None, random_state=123,
                                reg_alpha=0.0, reg_lambda=0.0, subsample=1.0,
                                subsample_for_bin=200000, subsample_freq=0))],
         verbose=False)
2023-11-04 21:56:59,527:INFO:create_model() successfully completed......................................
2023-11-04 21:56:59,795:INFO:_master_model_container: 18
2023-11-04 21:56:59,795:INFO:_display_container: 4
2023-11-04 21:56:59,842:INFO:Pipeline(memory=Memory(location=None),
         steps=[('date_feature_extractor',
                 TransformerWrapper(exclude=None, include=['data_ref'],
                                    transformer=ExtractDateTimeFeatures(features=['day',
                                                                                  'month',
                                                                                  'year']))),
                ('numerical_imputer',
                 TransformerWrapper(exclude=None,
                                    include=['index', 'qtd_filhos', 'idade',
                                             'tempo_emprego',
                                             'qt_pessoas_residencia', 'renda'],
                                    transformer=Sim...
                 LGBMClassifier(boosting_type='gbdt', class_weight=None,
                                colsample_bytree=1.0, importance_type='split',
                                learning_rate=0.1, max_depth=-1,
                                min_child_samples=20, min_child_weight=0.001,
                                min_split_gain=0.0, n_estimators=100, n_jobs=-1,
                                num_leaves=31, objective=None, random_state=123,
                                reg_alpha=0.0, reg_lambda=0.0, subsample=1.0,
                                subsample_for_bin=200000, subsample_freq=0))],
         verbose=False)
2023-11-04 21:56:59,842:INFO:finalize_model() successfully completed......................................
2023-11-04 21:57:17,391:INFO:Initializing save_model()
2023-11-04 21:57:17,391:INFO:save_model(model=Pipeline(memory=Memory(location=None),
         steps=[('date_feature_extractor',
                 TransformerWrapper(exclude=None, include=['data_ref'],
                                    transformer=ExtractDateTimeFeatures(features=['day',
                                                                                  'month',
                                                                                  'year']))),
                ('numerical_imputer',
                 TransformerWrapper(exclude=None,
                                    include=['index', 'qtd_filhos', 'idade',
                                             'tempo_emprego',
                                             'qt_pessoas_residencia', 'renda'],
                                    transformer=Sim...
                 LGBMClassifier(boosting_type='gbdt', class_weight=None,
                                colsample_bytree=1.0, importance_type='split',
                                learning_rate=0.1, max_depth=-1,
                                min_child_samples=20, min_child_weight=0.001,
                                min_split_gain=0.0, n_estimators=100, n_jobs=-1,
                                num_leaves=31, objective=None, random_state=123,
                                reg_alpha=0.0, reg_lambda=0.0, subsample=1.0,
                                subsample_for_bin=200000, subsample_freq=0))],
         verbose=False), model_name=final_lgbm_model, prep_pipe_=Pipeline(memory=FastMemory(location=/var/folders/0y/g6n919k13q39rb_x1hn4z6f00000gn/T/joblib),
         steps=[('date_feature_extractor',
                 TransformerWrapper(exclude=None, include=['data_ref'],
                                    transformer=ExtractDateTimeFeatures(features=['day',
                                                                                  'month',
                                                                                  'year']))),
                ('numerical_imputer',
                 TransformerWrapper(exclude=None,
                                    include=['index', 'qtd_filhos', 'idade',
                                             'tempo_em...
                                                               verbose=0))),
                ('onehot_encoding',
                 TransformerWrapper(exclude=None,
                                    include=['tipo_renda', 'educacao',
                                             'estado_civil',
                                             'tipo_residencia'],
                                    transformer=OneHotEncoder(cols=['tipo_renda',
                                                                    'educacao',
                                                                    'estado_civil',
                                                                    'tipo_residencia'],
                                                              drop_invariant=False,
                                                              handle_missing='return_nan',
                                                              handle_unknown='value',
                                                              return_df=True,
                                                              use_cat_names=True,
                                                              verbose=0)))],
         verbose=False), verbose=True, use_case=MLUsecase.CLASSIFICATION, kwargs={})
2023-11-04 21:57:17,391:INFO:Adding model into prep_pipe
2023-11-04 21:57:17,391:WARNING:Only Model saved as it was a pipeline.
2023-11-04 21:57:17,408:INFO:final_lgbm_model.pkl saved in current working directory
2023-11-04 21:57:17,467:INFO:Pipeline(memory=Memory(location=None),
         steps=[('date_feature_extractor',
                 TransformerWrapper(exclude=None, include=['data_ref'],
                                    transformer=ExtractDateTimeFeatures(features=['day',
                                                                                  'month',
                                                                                  'year']))),
                ('numerical_imputer',
                 TransformerWrapper(exclude=None,
                                    include=['index', 'qtd_filhos', 'idade',
                                             'tempo_emprego',
                                             'qt_pessoas_residencia', 'renda'],
                                    transformer=Sim...
                 LGBMClassifier(boosting_type='gbdt', class_weight=None,
                                colsample_bytree=1.0, importance_type='split',
                                learning_rate=0.1, max_depth=-1,
                                min_child_samples=20, min_child_weight=0.001,
                                min_split_gain=0.0, n_estimators=100, n_jobs=-1,
                                num_leaves=31, objective=None, random_state=123,
                                reg_alpha=0.0, reg_lambda=0.0, subsample=1.0,
                                subsample_for_bin=200000, subsample_freq=0))],
         verbose=False)
2023-11-04 21:57:17,467:INFO:save_model() successfully completed......................................
